{"/home/travis/build/npmtest/node-npmtest-cylon/test.js":{"path":"/home/travis/build/npmtest/node-npmtest-cylon/test.js","s":{"1":2,"2":2,"3":2,"4":2,"5":2,"6":2,"7":2,"8":1,"9":2,"10":2,"11":1,"12":1,"13":1,"14":1,"15":2,"16":2,"17":2,"18":2,"19":1,"20":1,"21":2,"22":2,"23":2,"24":1,"25":1,"26":1,"27":1,"28":1,"29":1,"30":1,"31":1,"32":1,"33":1,"34":1,"35":1,"36":1,"37":1,"38":1,"39":2,"40":2,"41":1,"42":2,"43":2,"44":1,"45":2,"46":2,"47":1,"48":2,"49":2,"50":1,"51":1,"52":1,"53":1,"54":1},"b":{"1":[2,1,1,1],"2":[1,1,1,1],"3":[1,1],"4":[1,1],"5":[1,1],"6":[1,1],"7":[1,1],"8":[1,1],"9":[1,1],"10":[1,1,1],"11":[1,1],"12":[1,1],"13":[1,1],"14":[1,1],"15":[1,1],"16":[1,1],"17":[1,1]},"f":{"1":2,"2":2,"3":2,"4":2,"5":2,"6":1,"7":1,"8":1,"9":2,"10":2,"11":2,"12":2,"13":1},"fnMap":{"1":{"name":"(anonymous_1)","line":12,"loc":{"start":{"line":12,"column":1},"end":{"line":12,"column":13}}},"2":{"name":"(anonymous_2)","line":19,"loc":{"start":{"line":19,"column":5},"end":{"line":19,"column":17}}},"3":{"name":"(anonymous_3)","line":23,"loc":{"start":{"line":23,"column":24},"end":{"line":23,"column":36}}},"4":{"name":"(anonymous_4)","line":61,"loc":{"start":{"line":61,"column":5},"end":{"line":61,"column":17}}},"5":{"name":"(anonymous_5)","line":82,"loc":{"start":{"line":82,"column":5},"end":{"line":82,"column":17}}},"6":{"name":"(anonymous_6)","line":91,"loc":{"start":{"line":91,"column":77},"end":{"line":94,"column":10}}},"7":{"name":"(anonymous_7)","line":112,"loc":{"start":{"line":112,"column":83},"end":{"line":115,"column":10}},"skip":true},"8":{"name":"(anonymous_8)","line":123,"loc":{"start":{"line":123,"column":77},"end":{"line":126,"column":10}},"skip":true},"9":{"name":"(anonymous_9)","line":139,"loc":{"start":{"line":139,"column":12},"end":{"line":139,"column":40}},"skip":true},"10":{"name":"(anonymous_10)","line":147,"loc":{"start":{"line":147,"column":77},"end":{"line":150,"column":10}},"skip":true},"11":{"name":"(anonymous_11)","line":158,"loc":{"start":{"line":158,"column":83},"end":{"line":161,"column":10}},"skip":true},"12":{"name":"(anonymous_12)","line":169,"loc":{"start":{"line":169,"column":79},"end":{"line":172,"column":10}},"skip":true},"13":{"name":"(anonymous_13)","line":180,"loc":{"start":{"line":180,"column":75},"end":{"line":183,"column":10}},"skip":true}},"statementMap":{"1":{"start":{"line":12,"column":0},"end":{"line":195,"column":5}},"2":{"start":{"line":14,"column":4},"end":{"line":14,"column":14}},"3":{"start":{"line":19,"column":4},"end":{"line":56,"column":9}},"4":{"start":{"line":21,"column":8},"end":{"line":21,"column":19}},"5":{"start":{"line":23,"column":8},"end":{"line":35,"column":13}},"6":{"start":{"line":24,"column":12},"end":{"line":34,"column":13}},"7":{"start":{"line":25,"column":16},"end":{"line":28,"column":30}},"8":{"start":{"line":30,"column":16},"end":{"line":33,"column":27}},"9":{"start":{"line":37,"column":8},"end":{"line":39,"column":21}},"10":{"start":{"line":40,"column":8},"end":{"line":53,"column":9}},"11":{"start":{"line":43,"column":12},"end":{"line":46,"column":14}},"12":{"start":{"line":47,"column":12},"end":{"line":47,"column":18}},"13":{"start":{"line":50,"column":12},"end":{"line":51,"column":46}},"14":{"start":{"line":52,"column":12},"end":{"line":52,"column":18}},"15":{"start":{"line":55,"column":8},"end":{"line":55,"column":35}},"16":{"start":{"line":61,"column":4},"end":{"line":63,"column":9}},"17":{"start":{"line":62,"column":8},"end":{"line":62,"column":15}},"18":{"start":{"line":64,"column":4},"end":{"line":77,"column":5}},"19":{"start":{"line":70,"column":8},"end":{"line":70,"column":14}},"20":{"start":{"line":76,"column":8},"end":{"line":76,"column":14}},"21":{"start":{"line":82,"column":4},"end":{"line":84,"column":9}},"22":{"start":{"line":83,"column":8},"end":{"line":83,"column":15}},"23":{"start":{"line":85,"column":4},"end":{"line":194,"column":5}},"24":{"start":{"line":91,"column":8},"end":{"line":99,"column":10}},"25":{"start":{"line":98,"column":12},"end":{"line":98,"column":35}},"26":{"start":{"line":102,"column":8},"end":{"line":104,"column":63}},"27":{"start":{"line":105,"column":8},"end":{"line":105,"column":14}},"28":{"start":{"line":112,"column":8},"end":{"line":121,"column":10},"skip":true},"29":{"start":{"line":119,"column":12},"end":{"line":119,"column":55},"skip":true},"30":{"start":{"line":120,"column":12},"end":{"line":120,"column":48},"skip":true},"31":{"start":{"line":123,"column":8},"end":{"line":136,"column":10},"skip":true},"32":{"start":{"line":130,"column":12},"end":{"line":130,"column":76},"skip":true},"33":{"start":{"line":131,"column":12},"end":{"line":131,"column":73},"skip":true},"34":{"start":{"line":132,"column":12},"end":{"line":132,"column":74},"skip":true},"35":{"start":{"line":133,"column":12},"end":{"line":133,"column":79},"skip":true},"36":{"start":{"line":134,"column":12},"end":{"line":134,"column":25},"skip":true},"37":{"start":{"line":135,"column":12},"end":{"line":135,"column":45},"skip":true},"38":{"start":{"line":138,"column":8},"end":{"line":145,"column":14},"skip":true},"39":{"start":{"line":143,"column":16},"end":{"line":143,"column":29},"skip":true},"40":{"start":{"line":144,"column":16},"end":{"line":144,"column":55},"skip":true},"41":{"start":{"line":147,"column":8},"end":{"line":156,"column":10},"skip":true},"42":{"start":{"line":154,"column":12},"end":{"line":154,"column":25},"skip":true},"43":{"start":{"line":155,"column":12},"end":{"line":155,"column":45},"skip":true},"44":{"start":{"line":158,"column":8},"end":{"line":167,"column":10},"skip":true},"45":{"start":{"line":165,"column":12},"end":{"line":165,"column":25},"skip":true},"46":{"start":{"line":166,"column":12},"end":{"line":166,"column":48},"skip":true},"47":{"start":{"line":169,"column":8},"end":{"line":178,"column":10},"skip":true},"48":{"start":{"line":176,"column":12},"end":{"line":176,"column":25},"skip":true},"49":{"start":{"line":177,"column":12},"end":{"line":177,"column":46},"skip":true},"50":{"start":{"line":180,"column":8},"end":{"line":189,"column":10},"skip":true},"51":{"start":{"line":187,"column":12},"end":{"line":187,"column":94},"skip":true},"52":{"start":{"line":188,"column":12},"end":{"line":188,"column":48},"skip":true},"53":{"start":{"line":192,"column":8},"end":{"line":192,"column":35},"skip":true},"54":{"start":{"line":193,"column":8},"end":{"line":193,"column":14},"skip":true}},"branchMap":{"1":{"line":25,"type":"binary-expr","locations":[{"start":{"line":25,"column":23},"end":{"line":25,"column":62}},{"start":{"line":26,"column":20},"end":{"line":26,"column":70}},{"start":{"line":27,"column":20},"end":{"line":27,"column":71}},{"start":{"line":28,"column":20},"end":{"line":28,"column":29}}]},"2":{"line":30,"type":"binary-expr","locations":[{"start":{"line":30,"column":23},"end":{"line":30,"column":37}},{"start":{"line":31,"column":20},"end":{"line":31,"column":61}},{"start":{"line":32,"column":20},"end":{"line":32,"column":70}},{"start":{"line":33,"column":20},"end":{"line":33,"column":26}}]},"3":{"line":37,"type":"cond-expr","locations":[{"start":{"line":38,"column":14},"end":{"line":38,"column":20}},{"start":{"line":39,"column":14},"end":{"line":39,"column":20}}]},"4":{"line":40,"type":"switch","locations":[{"start":{"line":42,"column":8},"end":{"line":47,"column":18}},{"start":{"line":49,"column":8},"end":{"line":52,"column":18}}]},"5":{"line":44,"type":"binary-expr","locations":[{"start":{"line":44,"column":16},"end":{"line":44,"column":44}},{"start":{"line":44,"column":48},"end":{"line":44,"column":66}}]},"6":{"line":50,"type":"binary-expr","locations":[{"start":{"line":50,"column":21},"end":{"line":50,"column":49}},{"start":{"line":50,"column":53},"end":{"line":50,"column":72}}]},"7":{"line":64,"type":"switch","locations":[{"start":{"line":69,"column":4},"end":{"line":70,"column":14}},{"start":{"line":75,"column":4},"end":{"line":76,"column":14}}]},"8":{"line":85,"type":"switch","locations":[{"start":{"line":90,"column":4},"end":{"line":105,"column":14}},{"start":{"line":111,"column":4},"end":{"line":193,"column":14},"skip":true}]},"9":{"line":91,"type":"binary-expr","locations":[{"start":{"line":91,"column":42},"end":{"line":91,"column":73}},{"start":{"line":91,"column":77},"end":{"line":99,"column":9}}]},"10":{"line":102,"type":"binary-expr","locations":[{"start":{"line":102,"column":18},"end":{"line":102,"column":32}},{"start":{"line":103,"column":12},"end":{"line":103,"column":53}},{"start":{"line":104,"column":12},"end":{"line":104,"column":61}}]},"11":{"line":112,"type":"binary-expr","locations":[{"start":{"line":112,"column":45},"end":{"line":112,"column":79},"skip":true},{"start":{"line":112,"column":83},"end":{"line":121,"column":9},"skip":true}]},"12":{"line":123,"type":"binary-expr","locations":[{"start":{"line":123,"column":42},"end":{"line":123,"column":73},"skip":true},{"start":{"line":123,"column":77},"end":{"line":136,"column":9},"skip":true}]},"13":{"line":138,"type":"binary-expr","locations":[{"start":{"line":138,"column":48},"end":{"line":138,"column":85},"skip":true},{"start":{"line":139,"column":12},"end":{"line":145,"column":13},"skip":true}]},"14":{"line":147,"type":"binary-expr","locations":[{"start":{"line":147,"column":42},"end":{"line":147,"column":73},"skip":true},{"start":{"line":147,"column":77},"end":{"line":156,"column":9},"skip":true}]},"15":{"line":158,"type":"binary-expr","locations":[{"start":{"line":158,"column":45},"end":{"line":158,"column":79},"skip":true},{"start":{"line":158,"column":83},"end":{"line":167,"column":9},"skip":true}]},"16":{"line":169,"type":"binary-expr","locations":[{"start":{"line":169,"column":43},"end":{"line":169,"column":75},"skip":true},{"start":{"line":169,"column":79},"end":{"line":178,"column":9},"skip":true}]},"17":{"line":180,"type":"binary-expr","locations":[{"start":{"line":180,"column":41},"end":{"line":180,"column":71},"skip":true},{"start":{"line":180,"column":75},"end":{"line":189,"column":9},"skip":true}]}},"code":["/* istanbul instrument in package npmtest_cylon */","/*jslint","    bitwise: true,","    browser: true,","    maxerr: 8,","    maxlen: 96,","    node: true,","    nomen: true,","    regexp: true,","    stupid: true","*/","(function () {","    'use strict';","    var local;","","","","    // run shared js-env code - pre-init","    (function () {","        // init local","        local = {};","        // init modeJs","        local.modeJs = (function () {","            try {","                return typeof navigator.userAgent === 'string' &&","                    typeof document.querySelector('body') === 'object' &&","                    typeof XMLHttpRequest.prototype.open === 'function' &&","                    'browser';","            } catch (errorCaughtBrowser) {","                return module.exports &&","                    typeof process.versions.node === 'string' &&","                    typeof require('http').createServer === 'function' &&","                    'node';","            }","        }());","        // init global","        local.global = local.modeJs === 'browser'","            ? window","            : global;","        switch (local.modeJs) {","        // re-init local from window.local","        case 'browser':","            local = local.global.utility2.objectSetDefault(","                local.global.utility2_rollup || local.global.local,","                local.global.utility2","            );","            break;","        // re-init local from example.js","        case 'node':","            local = (local.global.utility2_rollup || require('utility2'))","                .requireExampleJsFromReadme();","            break;","        }","        // export local","        local.global.local = local;","    }());","","","","    // run shared js-env code - function","    (function () {","        return;","    }());","    switch (local.modeJs) {","","","","    // run browser js-env code - function","    case 'browser':","        break;","","","","    // run node js-env code - function","    case 'node':","        break;","    }","","","","    // run shared js-env code - post-init","    (function () {","        return;","    }());","    switch (local.modeJs) {","","","","    // run browser js-env code - post-init","    case 'browser':","        local.testCase_browser_nullCase = local.testCase_browser_nullCase || function (","            options,","            onError","        ) {","        /*","         * this function will test browsers's null-case handling-behavior-behavior","         */","            onError(null, options);","        };","","        // run tests","        local.nop(local.modeTest &&","            document.querySelector('#testRunButton1') &&","            document.querySelector('#testRunButton1').click());","        break;","","","","    // run node js-env code - post-init","    /* istanbul ignore next */","    case 'node':","        local.testCase_buildApidoc_default = local.testCase_buildApidoc_default || function (","            options,","            onError","        ) {","        /*","         * this function will test buildApidoc's default handling-behavior-behavior","         */","            options = { modulePathList: module.paths };","            local.buildApidoc(options, onError);","        };","","        local.testCase_buildApp_default = local.testCase_buildApp_default || function (","            options,","            onError","        ) {","        /*","         * this function will test buildApp's default handling-behavior-behavior","         */","            local.testCase_buildReadme_default(options, local.onErrorThrow);","            local.testCase_buildLib_default(options, local.onErrorThrow);","            local.testCase_buildTest_default(options, local.onErrorThrow);","            local.testCase_buildCustomOrg_default(options, local.onErrorThrow);","            options = [];","            local.buildApp(options, onError);","        };","","        local.testCase_buildCustomOrg_default = local.testCase_buildCustomOrg_default ||","            function (options, onError) {","            /*","             * this function will test buildCustomOrg's default handling-behavior","             */","                options = {};","                local.buildCustomOrg(options, onError);","            };","","        local.testCase_buildLib_default = local.testCase_buildLib_default || function (","            options,","            onError","        ) {","        /*","         * this function will test buildLib's default handling-behavior","         */","            options = {};","            local.buildLib(options, onError);","        };","","        local.testCase_buildReadme_default = local.testCase_buildReadme_default || function (","            options,","            onError","        ) {","        /*","         * this function will test buildReadme's default handling-behavior-behavior","         */","            options = {};","            local.buildReadme(options, onError);","        };","","        local.testCase_buildTest_default = local.testCase_buildTest_default || function (","            options,","            onError","        ) {","        /*","         * this function will test buildTest's default handling-behavior","         */","            options = {};","            local.buildTest(options, onError);","        };","","        local.testCase_webpage_default = local.testCase_webpage_default || function (","            options,","            onError","        ) {","        /*","         * this function will test webpage's default handling-behavior","         */","            options = { modeCoverageMerge: true, url: local.serverLocalHost + '?modeTest=1' };","            local.browserTest(options, onError);","        };","","        // run test-server","        local.testRunServer(local);","        break;","    }","}());",""],"l":{"12":2,"14":2,"19":2,"21":2,"23":2,"24":2,"25":2,"30":1,"37":2,"40":2,"43":1,"47":1,"50":1,"52":1,"55":2,"61":2,"62":2,"64":2,"70":1,"76":1,"82":2,"83":2,"85":2,"91":1,"98":1,"102":1,"105":1,"112":1,"119":1,"120":1,"123":1,"130":1,"131":1,"132":1,"133":1,"134":1,"135":1,"138":1,"143":2,"144":2,"147":1,"154":2,"155":2,"158":1,"165":2,"166":2,"169":1,"176":2,"177":2,"180":1,"187":1,"188":1,"192":1,"193":1}},"/home/travis/build/npmtest/node-npmtest-cylon/lib.npmtest_cylon.js":{"path":"/home/travis/build/npmtest/node-npmtest-cylon/lib.npmtest_cylon.js","s":{"1":2,"2":2,"3":2,"4":2,"5":2,"6":2,"7":2,"8":1,"9":2,"10":2,"11":2,"12":2,"13":1,"14":1,"15":1,"16":1},"b":{"1":[2,1,1,1],"2":[1,1,1,1],"3":[1,1],"4":[2,2],"5":[1,1]},"f":{"1":2,"2":2,"3":2},"fnMap":{"1":{"name":"(anonymous_1)","line":12,"loc":{"start":{"line":12,"column":1},"end":{"line":12,"column":13}}},"2":{"name":"(anonymous_2)","line":19,"loc":{"start":{"line":19,"column":5},"end":{"line":19,"column":17}}},"3":{"name":"(anonymous_3)","line":23,"loc":{"start":{"line":23,"column":24},"end":{"line":23,"column":36}}}},"statementMap":{"1":{"start":{"line":12,"column":0},"end":{"line":53,"column":5}},"2":{"start":{"line":14,"column":4},"end":{"line":14,"column":14}},"3":{"start":{"line":19,"column":4},"end":{"line":52,"column":9}},"4":{"start":{"line":21,"column":8},"end":{"line":21,"column":19}},"5":{"start":{"line":23,"column":8},"end":{"line":35,"column":13}},"6":{"start":{"line":24,"column":12},"end":{"line":34,"column":13}},"7":{"start":{"line":25,"column":16},"end":{"line":28,"column":30}},"8":{"start":{"line":30,"column":16},"end":{"line":33,"column":27}},"9":{"start":{"line":37,"column":8},"end":{"line":39,"column":21}},"10":{"start":{"line":41,"column":8},"end":{"line":41,"column":54}},"11":{"start":{"line":43,"column":8},"end":{"line":43,"column":50}},"12":{"start":{"line":45,"column":8},"end":{"line":51,"column":9}},"13":{"start":{"line":46,"column":12},"end":{"line":46,"column":56}},"14":{"start":{"line":48,"column":12},"end":{"line":48,"column":35}},"15":{"start":{"line":49,"column":12},"end":{"line":49,"column":49}},"16":{"start":{"line":50,"column":12},"end":{"line":50,"column":43}}},"branchMap":{"1":{"line":25,"type":"binary-expr","locations":[{"start":{"line":25,"column":23},"end":{"line":25,"column":62}},{"start":{"line":26,"column":20},"end":{"line":26,"column":70}},{"start":{"line":27,"column":20},"end":{"line":27,"column":71}},{"start":{"line":28,"column":20},"end":{"line":28,"column":29}}]},"2":{"line":30,"type":"binary-expr","locations":[{"start":{"line":30,"column":23},"end":{"line":30,"column":37}},{"start":{"line":31,"column":20},"end":{"line":31,"column":61}},{"start":{"line":32,"column":20},"end":{"line":32,"column":70}},{"start":{"line":33,"column":20},"end":{"line":33,"column":26}}]},"3":{"line":37,"type":"cond-expr","locations":[{"start":{"line":38,"column":14},"end":{"line":38,"column":20}},{"start":{"line":39,"column":14},"end":{"line":39,"column":20}}]},"4":{"line":41,"type":"binary-expr","locations":[{"start":{"line":41,"column":16},"end":{"line":41,"column":44}},{"start":{"line":41,"column":48},"end":{"line":41,"column":53}}]},"5":{"line":45,"type":"if","locations":[{"start":{"line":45,"column":8},"end":{"line":45,"column":8}},{"start":{"line":45,"column":8},"end":{"line":45,"column":8}}]}},"code":["/* istanbul instrument in package npmtest_cylon */","/*jslint","    bitwise: true,","    browser: true,","    maxerr: 8,","    maxlen: 96,","    node: true,","    nomen: true,","    regexp: true,","    stupid: true","*/","(function () {","    'use strict';","    var local;","","","","    // run shared js-env code - pre-init","    (function () {","        // init local","        local = {};","        // init modeJs","        local.modeJs = (function () {","            try {","                return typeof navigator.userAgent === 'string' &&","                    typeof document.querySelector('body') === 'object' &&","                    typeof XMLHttpRequest.prototype.open === 'function' &&","                    'browser';","            } catch (errorCaughtBrowser) {","                return module.exports &&","                    typeof process.versions.node === 'string' &&","                    typeof require('http').createServer === 'function' &&","                    'node';","            }","        }());","        // init global","        local.global = local.modeJs === 'browser'","            ? window","            : global;","        // init utility2_rollup","        local = local.global.utility2_rollup || local;","        // init lib","        local.local = local.npmtest_cylon = local;","        // init exports","        if (local.modeJs === 'browser') {","            local.global.utility2_npmtest_cylon = local;","        } else {","            module.exports = local;","            module.exports.__dirname = __dirname;","            module.exports.module = module;","        }","    }());","}());",""],"l":{"12":2,"14":2,"19":2,"21":2,"23":2,"24":2,"25":2,"30":1,"37":2,"41":2,"43":2,"45":2,"46":1,"48":1,"49":1,"50":1}},"/home/travis/build/npmtest/node-npmtest-cylon/example.js":{"path":"/home/travis/build/npmtest/node-npmtest-cylon/example.js","s":{"1":2,"2":2,"3":2,"4":2,"5":2,"6":2,"7":2,"8":1,"9":2,"10":2,"11":2,"12":2,"13":1,"14":2,"15":2,"16":2,"17":2,"18":2,"19":0,"20":2,"21":1,"22":1,"23":1,"24":1,"25":1,"26":0,"27":0,"28":1,"29":1,"30":2,"31":0,"32":0,"33":0,"34":1,"35":2,"36":2,"37":3,"38":3,"39":3,"40":3,"41":0,"42":3,"43":3,"44":3,"45":1,"46":3,"47":1,"48":1,"49":1,"50":1,"51":1,"52":1,"53":1,"54":1,"55":1,"56":1,"57":0,"58":1,"59":6,"60":6,"61":1,"62":2,"63":0,"64":2,"65":1,"66":1,"67":0,"68":0,"69":0,"70":0,"71":0,"72":0,"73":0,"74":0,"75":0,"76":0,"77":0,"78":0,"79":0,"80":0,"81":0,"82":0,"83":0},"b":{"1":[2,1,1,1],"2":[1,1,1,1],"3":[1,1],"4":[2,2],"5":[1,1],"6":[1,1],"7":[2,0],"8":[2,1,1,1,1,1],"9":[0,2,0],"10":[1,1],"11":[2,1,1],"12":[1,0],"13":[0,2],"14":[2,0,0,0,0,0,0],"15":[0,3],"16":[3,0],"17":[1,1],"18":[0,1],"19":[1,2,0,2],"20":[1,0],"21":[1,1],"22":[0,0],"23":[0,0],"24":[0,0],"25":[0,0],"26":[0,0],"27":[0,0],"28":[0,0]},"f":{"1":2,"2":2,"3":2,"4":2,"5":2,"6":2,"7":3,"8":3,"9":3,"10":1,"11":6,"12":0},"fnMap":{"1":{"name":"(anonymous_1)","line":26,"loc":{"start":{"line":26,"column":1},"end":{"line":26,"column":13}}},"2":{"name":"(anonymous_2)","line":33,"loc":{"start":{"line":33,"column":5},"end":{"line":33,"column":17}}},"3":{"name":"(anonymous_3)","line":37,"loc":{"start":{"line":37,"column":24},"end":{"line":37,"column":36}}},"4":{"name":"(anonymous_4)","line":69,"loc":{"start":{"line":69,"column":31},"end":{"line":69,"column":48}},"skip":true},"5":{"name":"(anonymous_5)","line":78,"loc":{"start":{"line":78,"column":26},"end":{"line":78,"column":45}},"skip":true},"6":{"name":"(anonymous_6)","line":123,"loc":{"start":{"line":123,"column":33},"end":{"line":123,"column":48}},"skip":true},"7":{"name":"(anonymous_7)","line":125,"loc":{"start":{"line":125,"column":27},"end":{"line":125,"column":39}},"skip":true},"8":{"name":"(anonymous_8)","line":133,"loc":{"start":{"line":133,"column":59},"end":{"line":133,"column":74}},"skip":true},"9":{"name":"(anonymous_9)","line":143,"loc":{"start":{"line":143,"column":45},"end":{"line":143,"column":62}},"skip":true},"10":{"name":"(anonymous_10)","line":144,"loc":{"start":{"line":144,"column":73},"end":{"line":144,"column":92}},"skip":true},"11":{"name":"(anonymous_11)","line":272,"loc":{"start":{"line":272,"column":51},"end":{"line":272,"column":77}},"skip":true},"12":{"name":"(anonymous_12)","line":315,"loc":{"start":{"line":315,"column":32},"end":{"line":315,"column":61}},"skip":true}},"statementMap":{"1":{"start":{"line":26,"column":0},"end":{"line":326,"column":5}},"2":{"start":{"line":28,"column":4},"end":{"line":28,"column":14}},"3":{"start":{"line":33,"column":4},"end":{"line":60,"column":9}},"4":{"start":{"line":35,"column":8},"end":{"line":35,"column":19}},"5":{"start":{"line":37,"column":8},"end":{"line":49,"column":13}},"6":{"start":{"line":38,"column":12},"end":{"line":48,"column":13}},"7":{"start":{"line":39,"column":16},"end":{"line":42,"column":30}},"8":{"start":{"line":44,"column":16},"end":{"line":47,"column":27}},"9":{"start":{"line":51,"column":8},"end":{"line":53,"column":21}},"10":{"start":{"line":55,"column":8},"end":{"line":57,"column":45}},"11":{"start":{"line":59,"column":8},"end":{"line":59,"column":35}},"12":{"start":{"line":61,"column":4},"end":{"line":325,"column":5}},"13":{"start":{"line":69,"column":8},"end":{"line":121,"column":10},"skip":true},"14":{"start":{"line":70,"column":12},"end":{"line":88,"column":13},"skip":true},"15":{"start":{"line":76,"column":16},"end":{"line":87,"column":19},"skip":true},"16":{"start":{"line":79,"column":20},"end":{"line":86,"column":21},"skip":true},"17":{"start":{"line":82,"column":24},"end":{"line":82,"column":43},"skip":true},"18":{"start":{"line":83,"column":24},"end":{"line":83,"column":30},"skip":true},"19":{"start":{"line":85,"column":24},"end":{"line":85,"column":49},"skip":true},"20":{"start":{"line":89,"column":12},"end":{"line":107,"column":13},"skip":true},"21":{"start":{"line":92,"column":16},"end":{"line":102,"column":17},"skip":true},"22":{"start":{"line":93,"column":20},"end":{"line":93,"column":86},"skip":true},"23":{"start":{"line":94,"column":20},"end":{"line":95,"column":45},"skip":true},"24":{"start":{"line":96,"column":20},"end":{"line":96,"column":42},"skip":true},"25":{"start":{"line":97,"column":20},"end":{"line":97,"column":48},"skip":true},"26":{"start":{"line":100,"column":20},"end":{"line":100,"column":85},"skip":true},"27":{"start":{"line":101,"column":20},"end":{"line":101,"column":96},"skip":true},"28":{"start":{"line":103,"column":16},"end":{"line":103,"column":22},"skip":true},"29":{"start":{"line":106,"column":16},"end":{"line":106,"column":22},"skip":true},"30":{"start":{"line":108,"column":12},"end":{"line":120,"column":13},"skip":true},"31":{"start":{"line":114,"column":16},"end":{"line":119,"column":17},"skip":true},"32":{"start":{"line":116,"column":20},"end":{"line":116,"column":78},"skip":true},"33":{"start":{"line":118,"column":20},"end":{"line":118,"column":47},"skip":true},"34":{"start":{"line":123,"column":8},"end":{"line":141,"column":11},"skip":true},"35":{"start":{"line":124,"column":12},"end":{"line":124,"column":54},"skip":true},"36":{"start":{"line":125,"column":12},"end":{"line":140,"column":14},"skip":true},"37":{"start":{"line":126,"column":16},"end":{"line":126,"column":28},"skip":true},"38":{"start":{"line":127,"column":16},"end":{"line":127,"column":69},"skip":true},"39":{"start":{"line":128,"column":16},"end":{"line":128,"column":75},"skip":true},"40":{"start":{"line":129,"column":16},"end":{"line":131,"column":17},"skip":true},"41":{"start":{"line":130,"column":20},"end":{"line":130,"column":27},"skip":true},"42":{"start":{"line":133,"column":16},"end":{"line":137,"column":36},"skip":true},"43":{"start":{"line":134,"column":20},"end":{"line":136,"column":55},"skip":true},"44":{"start":{"line":139,"column":16},"end":{"line":139,"column":57},"skip":true},"45":{"start":{"line":143,"column":8},"end":{"line":147,"column":11},"skip":true},"46":{"start":{"line":144,"column":12},"end":{"line":146,"column":15},"skip":true},"47":{"start":{"line":145,"column":16},"end":{"line":145,"column":70},"skip":true},"48":{"start":{"line":149,"column":8},"end":{"line":149,"column":31},"skip":true},"49":{"start":{"line":150,"column":8},"end":{"line":150,"column":14},"skip":true},"50":{"start":{"line":158,"column":8},"end":{"line":158,"column":31},"skip":true},"51":{"start":{"line":160,"column":8},"end":{"line":160,"column":33},"skip":true},"52":{"start":{"line":161,"column":8},"end":{"line":161,"column":37},"skip":true},"53":{"start":{"line":162,"column":8},"end":{"line":162,"column":35},"skip":true},"54":{"start":{"line":164,"column":8},"end":{"line":164,"column":50},"skip":true},"55":{"start":{"line":166,"column":8},"end":{"line":256,"column":2},"skip":true},"56":{"start":{"line":258,"column":8},"end":{"line":286,"column":9},"skip":true},"57":{"start":{"line":259,"column":12},"end":{"line":269,"column":14},"skip":true},"58":{"start":{"line":271,"column":12},"end":{"line":285,"column":19},"skip":true},"59":{"start":{"line":274,"column":20},"end":{"line":274,"column":35},"skip":true},"60":{"start":{"line":275,"column":20},"end":{"line":284,"column":21},"skip":true},"61":{"start":{"line":277,"column":24},"end":{"line":277,"column":64},"skip":true},"62":{"start":{"line":279,"column":24},"end":{"line":279,"column":40},"skip":true},"63":{"start":{"line":281,"column":24},"end":{"line":281,"column":40},"skip":true},"64":{"start":{"line":283,"column":24},"end":{"line":283,"column":39},"skip":true},"65":{"start":{"line":288,"column":8},"end":{"line":290,"column":9},"skip":true},"66":{"start":{"line":289,"column":12},"end":{"line":289,"column":18},"skip":true},"67":{"start":{"line":291,"column":8},"end":{"line":293,"column":54},"skip":true},"68":{"start":{"line":296,"column":8},"end":{"line":301,"column":37},"skip":true},"69":{"start":{"line":303,"column":8},"end":{"line":303,"column":82},"skip":true},"70":{"start":{"line":306,"column":8},"end":{"line":308,"column":9},"skip":true},"71":{"start":{"line":307,"column":12},"end":{"line":307,"column":82},"skip":true},"72":{"start":{"line":310,"column":8},"end":{"line":312,"column":9},"skip":true},"73":{"start":{"line":311,"column":12},"end":{"line":311,"column":18},"skip":true},"74":{"start":{"line":313,"column":8},"end":{"line":313,"column":54},"skip":true},"75":{"start":{"line":314,"column":8},"end":{"line":314,"column":69},"skip":true},"76":{"start":{"line":315,"column":8},"end":{"line":323,"column":36},"skip":true},"77":{"start":{"line":316,"column":12},"end":{"line":316,"column":61},"skip":true},"78":{"start":{"line":317,"column":12},"end":{"line":320,"column":13},"skip":true},"79":{"start":{"line":318,"column":16},"end":{"line":318,"column":75},"skip":true},"80":{"start":{"line":319,"column":16},"end":{"line":319,"column":23},"skip":true},"81":{"start":{"line":321,"column":12},"end":{"line":321,"column":38},"skip":true},"82":{"start":{"line":322,"column":12},"end":{"line":322,"column":27},"skip":true},"83":{"start":{"line":324,"column":8},"end":{"line":324,"column":14},"skip":true}},"branchMap":{"1":{"line":39,"type":"binary-expr","locations":[{"start":{"line":39,"column":23},"end":{"line":39,"column":62}},{"start":{"line":40,"column":20},"end":{"line":40,"column":70}},{"start":{"line":41,"column":20},"end":{"line":41,"column":71}},{"start":{"line":42,"column":20},"end":{"line":42,"column":29}}]},"2":{"line":44,"type":"binary-expr","locations":[{"start":{"line":44,"column":23},"end":{"line":44,"column":37}},{"start":{"line":45,"column":20},"end":{"line":45,"column":61}},{"start":{"line":46,"column":20},"end":{"line":46,"column":70}},{"start":{"line":47,"column":20},"end":{"line":47,"column":26}}]},"3":{"line":51,"type":"cond-expr","locations":[{"start":{"line":52,"column":14},"end":{"line":52,"column":20}},{"start":{"line":53,"column":14},"end":{"line":53,"column":20}}]},"4":{"line":55,"type":"binary-expr","locations":[{"start":{"line":55,"column":16},"end":{"line":55,"column":44}},{"start":{"line":55,"column":49},"end":{"line":57,"column":43}}]},"5":{"line":55,"type":"cond-expr","locations":[{"start":{"line":56,"column":14},"end":{"line":56,"column":49}},{"start":{"line":57,"column":14},"end":{"line":57,"column":43}}]},"6":{"line":61,"type":"switch","locations":[{"start":{"line":68,"column":4},"end":{"line":150,"column":14},"skip":true},{"start":{"line":156,"column":4},"end":{"line":324,"column":14},"skip":true}]},"7":{"line":70,"type":"if","locations":[{"start":{"line":70,"column":12},"end":{"line":70,"column":12},"skip":true},{"start":{"line":70,"column":12},"end":{"line":70,"column":12},"skip":true}]},"8":{"line":70,"type":"binary-expr","locations":[{"start":{"line":70,"column":16},"end":{"line":70,"column":22},"skip":true},{"start":{"line":70,"column":27},"end":{"line":70,"column":32},"skip":true},{"start":{"line":71,"column":20},"end":{"line":71,"column":39},"skip":true},{"start":{"line":72,"column":20},"end":{"line":72,"column":49},"skip":true},{"start":{"line":73,"column":20},"end":{"line":73,"column":58},"skip":true},{"start":{"line":74,"column":20},"end":{"line":74,"column":69},"skip":true}]},"9":{"line":79,"type":"switch","locations":[{"start":{"line":80,"column":20},"end":{"line":80,"column":33},"skip":true},{"start":{"line":81,"column":20},"end":{"line":83,"column":30},"skip":true},{"start":{"line":84,"column":20},"end":{"line":85,"column":49},"skip":true}]},"10":{"line":89,"type":"switch","locations":[{"start":{"line":90,"column":12},"end":{"line":103,"column":22},"skip":true},{"start":{"line":105,"column":12},"end":{"line":106,"column":22},"skip":true}]},"11":{"line":89,"type":"binary-expr","locations":[{"start":{"line":89,"column":20},"end":{"line":89,"column":25},"skip":true},{"start":{"line":89,"column":29},"end":{"line":89,"column":48},"skip":true},{"start":{"line":89,"column":52},"end":{"line":89,"column":74},"skip":true}]},"12":{"line":92,"type":"if","locations":[{"start":{"line":92,"column":16},"end":{"line":92,"column":16},"skip":true},{"start":{"line":92,"column":16},"end":{"line":92,"column":16},"skip":true}]},"13":{"line":108,"type":"if","locations":[{"start":{"line":108,"column":12},"end":{"line":108,"column":12},"skip":true},{"start":{"line":108,"column":12},"end":{"line":108,"column":12},"skip":true}]},"14":{"line":108,"type":"binary-expr","locations":[{"start":{"line":108,"column":16},"end":{"line":108,"column":61},"skip":true},{"start":{"line":108,"column":66},"end":{"line":108,"column":72},"skip":true},{"start":{"line":108,"column":77},"end":{"line":108,"column":82},"skip":true},{"start":{"line":109,"column":20},"end":{"line":109,"column":39},"skip":true},{"start":{"line":110,"column":20},"end":{"line":110,"column":49},"skip":true},{"start":{"line":111,"column":20},"end":{"line":111,"column":58},"skip":true},{"start":{"line":112,"column":20},"end":{"line":112,"column":68},"skip":true}]},"15":{"line":129,"type":"if","locations":[{"start":{"line":129,"column":16},"end":{"line":129,"column":16},"skip":true},{"start":{"line":129,"column":16},"end":{"line":129,"column":16},"skip":true}]},"16":{"line":134,"type":"cond-expr","locations":[{"start":{"line":135,"column":26},"end":{"line":135,"column":29},"skip":true},{"start":{"line":136,"column":26},"end":{"line":136,"column":54},"skip":true}]},"17":{"line":164,"type":"binary-expr","locations":[{"start":{"line":164,"column":27},"end":{"line":164,"column":43},"skip":true},{"start":{"line":164,"column":47},"end":{"line":164,"column":49},"skip":true}]},"18":{"line":258,"type":"if","locations":[{"start":{"line":258,"column":8},"end":{"line":258,"column":8},"skip":true},{"start":{"line":258,"column":8},"end":{"line":258,"column":8},"skip":true}]},"19":{"line":275,"type":"switch","locations":[{"start":{"line":276,"column":20},"end":{"line":277,"column":64},"skip":true},{"start":{"line":278,"column":20},"end":{"line":279,"column":40},"skip":true},{"start":{"line":280,"column":20},"end":{"line":281,"column":40},"skip":true},{"start":{"line":282,"column":20},"end":{"line":283,"column":39},"skip":true}]},"20":{"line":288,"type":"if","locations":[{"start":{"line":288,"column":8},"end":{"line":288,"column":8},"skip":true},{"start":{"line":288,"column":8},"end":{"line":288,"column":8},"skip":true}]},"21":{"line":288,"type":"binary-expr","locations":[{"start":{"line":288,"column":12},"end":{"line":288,"column":40},"skip":true},{"start":{"line":288,"column":44},"end":{"line":288,"column":67},"skip":true}]},"22":{"line":292,"type":"binary-expr","locations":[{"start":{"line":292,"column":12},"end":{"line":292,"column":50},"skip":true},{"start":{"line":293,"column":12},"end":{"line":293,"column":53},"skip":true}]},"23":{"line":297,"type":"binary-expr","locations":[{"start":{"line":297,"column":12},"end":{"line":297,"column":63},"skip":true},{"start":{"line":298,"column":12},"end":{"line":301,"column":36},"skip":true}]},"24":{"line":303,"type":"binary-expr","locations":[{"start":{"line":303,"column":43},"end":{"line":303,"column":75},"skip":true},{"start":{"line":303,"column":79},"end":{"line":303,"column":81},"skip":true}]},"25":{"line":306,"type":"if","locations":[{"start":{"line":306,"column":8},"end":{"line":306,"column":8},"skip":true},{"start":{"line":306,"column":8},"end":{"line":306,"column":8},"skip":true}]},"26":{"line":310,"type":"if","locations":[{"start":{"line":310,"column":8},"end":{"line":310,"column":8},"skip":true},{"start":{"line":310,"column":8},"end":{"line":310,"column":8},"skip":true}]},"27":{"line":313,"type":"binary-expr","locations":[{"start":{"line":313,"column":27},"end":{"line":313,"column":43},"skip":true},{"start":{"line":313,"column":47},"end":{"line":313,"column":53},"skip":true}]},"28":{"line":317,"type":"if","locations":[{"start":{"line":317,"column":12},"end":{"line":317,"column":12},"skip":true},{"start":{"line":317,"column":12},"end":{"line":317,"column":12},"skip":true}]}},"code":["/*","example.js","","quickstart example","","instruction","    1. save this script as example.js","    2. run the shell command:","        $ npm install npmtest-cylon && PORT=8081 node example.js","    3. play with the browser-demo on http://127.0.0.1:8081","*/","","","","/* istanbul instrument in package npmtest_cylon */","/*jslint","    bitwise: true,","    browser: true,","    maxerr: 8,","    maxlen: 96,","    node: true,","    nomen: true,","    regexp: true,","    stupid: true","*/","(function () {","    'use strict';","    var local;","","","","    // run shared js-env code - pre-init","    (function () {","        // init local","        local = {};","        // init modeJs","        local.modeJs = (function () {","            try {","                return typeof navigator.userAgent === 'string' &&","                    typeof document.querySelector('body') === 'object' &&","                    typeof XMLHttpRequest.prototype.open === 'function' &&","                    'browser';","            } catch (errorCaughtBrowser) {","                return module.exports &&","                    typeof process.versions.node === 'string' &&","                    typeof require('http').createServer === 'function' &&","                    'node';","            }","        }());","        // init global","        local.global = local.modeJs === 'browser'","            ? window","            : global;","        // init utility2_rollup","        local = local.global.utility2_rollup || (local.modeJs === 'browser'","            ? local.global.utility2_npmtest_cylon","            : global.utility2_moduleExports);","        // export local","        local.global.local = local;","    }());","    switch (local.modeJs) {","","","","    // post-init","    // run browser js-env code - post-init","    /* istanbul ignore next */","    case 'browser':","        local.testRunBrowser = function (event) {","            if (!event || (event &&","                    event.currentTarget &&","                    event.currentTarget.className &&","                    event.currentTarget.className.includes &&","                    event.currentTarget.className.includes('onreset'))) {","                // reset output","                Array.from(","                    document.querySelectorAll('body > .resettable')","                ).forEach(function (element) {","                    switch (element.tagName) {","                    case 'INPUT':","                    case 'TEXTAREA':","                        element.value = '';","                        break;","                    default:","                        element.textContent = '';","                    }","                });","            }","            switch (event && event.currentTarget && event.currentTarget.id) {","            case 'testRunButton1':","                // show tests","                if (document.querySelector('#testReportDiv1').style.display === 'none') {","                    document.querySelector('#testReportDiv1').style.display = 'block';","                    document.querySelector('#testRunButton1').textContent =","                        'hide internal test';","                    local.modeTest = true;","                    local.testRunDefault(local);","                // hide tests","                } else {","                    document.querySelector('#testReportDiv1').style.display = 'none';","                    document.querySelector('#testRunButton1').textContent = 'run internal test';","                }","                break;","            // custom-case","            default:","                break;","            }","            if (document.querySelector('#inputTextareaEval1') && (!event || (event &&","                    event.currentTarget &&","                    event.currentTarget.className &&","                    event.currentTarget.className.includes &&","                    event.currentTarget.className.includes('oneval')))) {","                // try to eval input-code","                try {","                    /*jslint evil: true*/","                    eval(document.querySelector('#inputTextareaEval1').value);","                } catch (errorCaught) {","                    console.error(errorCaught);","                }","            }","        };","        // log stderr and stdout to #outputTextareaStdout1","        ['error', 'log'].forEach(function (key) {","            console[key + '_original'] = console[key];","            console[key] = function () {","                var element;","                console[key + '_original'].apply(console, arguments);","                element = document.querySelector('#outputTextareaStdout1');","                if (!element) {","                    return;","                }","                // append text to #outputTextareaStdout1","                element.value += Array.from(arguments).map(function (arg) {","                    return typeof arg === 'string'","                        ? arg","                        : JSON.stringify(arg, null, 4);","                }).join(' ') + '\\n';","                // scroll textarea to bottom","                element.scrollTop = element.scrollHeight;","            };","        });","        // init event-handling","        ['change', 'click', 'keyup'].forEach(function (event) {","            Array.from(document.querySelectorAll('.on' + event)).forEach(function (element) {","                element.addEventListener(event, local.testRunBrowser);","            });","        });","        // run tests","        local.testRunBrowser();","        break;","","","","    // run node js-env code - post-init","    /* istanbul ignore next */","    case 'node':","        // export local","        module.exports = local;","        // require modules","        local.fs = require('fs');","        local.http = require('http');","        local.url = require('url');","        // init assets","        local.assetsDict = local.assetsDict || {};","        /* jslint-ignore-begin */","        local.assetsDict['/assets.index.template.html'] = '\\","<!doctype html>\\n\\","<html lang=\"en\">\\n\\","<head>\\n\\","<meta charset=\"UTF-8\">\\n\\","<meta name=\"viewport\" content=\"width=device-width, initial-scale=1\">\\n\\","<title>{{env.npm_package_name}} (v{{env.npm_package_version}})</title>\\n\\","<style>\\n\\","/*csslint\\n\\","    box-sizing: false,\\n\\","    universal-selector: false\\n\\","*/\\n\\","* {\\n\\","    box-sizing: border-box;\\n\\","}\\n\\","body {\\n\\","    background: #dde;\\n\\","    font-family: Arial, Helvetica, sans-serif;\\n\\","    margin: 2rem;\\n\\","}\\n\\","body > * {\\n\\","    margin-bottom: 1rem;\\n\\","}\\n\\",".utility2FooterDiv {\\n\\","    margin-top: 20px;\\n\\","    text-align: center;\\n\\","}\\n\\","</style>\\n\\","<style>\\n\\","/*csslint\\n\\","*/\\n\\","textarea {\\n\\","    font-family: monospace;\\n\\","    height: 10rem;\\n\\","    width: 100%;\\n\\","}\\n\\","textarea[readonly] {\\n\\","    background: #ddd;\\n\\","}\\n\\","</style>\\n\\","</head>\\n\\","<body>\\n\\","<!-- utility2-comment\\n\\","<div id=\"ajaxProgressDiv1\" style=\"background: #d00; height: 2px; left: 0; margin: 0; padding: 0; position: fixed; top: 0; transition: background 0.5s, width 1.5s; width: 25%;\"></div>\\n\\","utility2-comment -->\\n\\","<h1>\\n\\","<!-- utility2-comment\\n\\","    <a\\n\\","        {{#if env.npm_package_homepage}}\\n\\","        href=\"{{env.npm_package_homepage}}\"\\n\\","        {{/if env.npm_package_homepage}}\\n\\","        target=\"_blank\"\\n\\","    >\\n\\","utility2-comment -->\\n\\","        {{env.npm_package_name}} (v{{env.npm_package_version}})\\n\\","<!-- utility2-comment\\n\\","    </a>\\n\\","utility2-comment -->\\n\\","</h1>\\n\\","<h3>{{env.npm_package_description}}</h3>\\n\\","<!-- utility2-comment\\n\\","<h4><a download href=\"assets.app.js\">download standalone app</a></h4>\\n\\","<button class=\"onclick onreset\" id=\"testRunButton1\">run internal test</button><br>\\n\\","<div id=\"testReportDiv1\" style=\"display: none;\"></div>\\n\\","utility2-comment -->\\n\\","\\n\\","\\n\\","\\n\\","<label>stderr and stdout</label>\\n\\","<textarea class=\"resettable\" id=\"outputTextareaStdout1\" readonly></textarea>\\n\\","<!-- utility2-comment\\n\\","{{#if isRollup}}\\n\\","<script src=\"assets.app.js\"></script>\\n\\","{{#unless isRollup}}\\n\\","utility2-comment -->\\n\\","<script src=\"assets.utility2.rollup.js\"></script>\\n\\","<script src=\"jsonp.utility2._stateInit?callback=window.utility2._stateInit\"></script>\\n\\","<script src=\"assets.npmtest_cylon.rollup.js\"></script>\\n\\","<script src=\"assets.example.js\"></script>\\n\\","<script src=\"assets.test.js\"></script>\\n\\","<!-- utility2-comment\\n\\","{{/if isRollup}}\\n\\","utility2-comment -->\\n\\","<div class=\"utility2FooterDiv\">\\n\\","    [ this app was created with\\n\\","    <a href=\"https://github.com/kaizhu256/node-utility2\" target=\"_blank\">utility2</a>\\n\\","    ]\\n\\","</div>\\n\\","</body>\\n\\","</html>\\n\\","';","        /* jslint-ignore-end */","        if (local.templateRender) {","            local.assetsDict['/'] = local.templateRender(","                local.assetsDict['/assets.index.template.html'],","                {","                    env: local.objectSetDefault(local.env, {","                        npm_package_description: 'the greatest app in the world!',","                        npm_package_name: 'my-app',","                        npm_package_nameAlias: 'my_app',","                        npm_package_version: '0.0.1'","                    })","                }","            );","        } else {","            local.assetsDict['/'] = local.assetsDict['/assets.index.template.html']","                .replace((/\\{\\{env\\.(\\w+?)\\}\\}/g), function (match0, match1) {","                    // jslint-hack","                    String(match0);","                    switch (match1) {","                    case 'npm_package_description':","                        return 'the greatest app in the world!';","                    case 'npm_package_name':","                        return 'my-app';","                    case 'npm_package_nameAlias':","                        return 'my_app';","                    case 'npm_package_version':","                        return '0.0.1';","                    }","                });","        }","        // run the cli","        if (local.global.utility2_rollup || module !== require.main) {","            break;","        }","        local.assetsDict['/assets.example.js'] =","            local.assetsDict['/assets.example.js'] ||","            local.fs.readFileSync(__filename, 'utf8');","        // bug-workaround - long $npm_package_buildCustomOrg","        /* jslint-ignore-begin */","        local.assetsDict['/assets.npmtest_cylon.rollup.js'] =","            local.assetsDict['/assets.npmtest_cylon.rollup.js'] ||","            local.fs.readFileSync(","                local.npmtest_cylon.__dirname + '/lib.npmtest_cylon.js',","                'utf8'","            ).replace((/^#!/), '//');","        /* jslint-ignore-end */","        local.assetsDict['/favicon.ico'] = local.assetsDict['/favicon.ico'] || '';","        // if $npm_config_timeout_exit exists,","        // then exit this process after $npm_config_timeout_exit ms","        if (Number(process.env.npm_config_timeout_exit)) {","            setTimeout(process.exit, Number(process.env.npm_config_timeout_exit));","        }","        // start server","        if (local.global.utility2_serverHttp1) {","            break;","        }","        process.env.PORT = process.env.PORT || '8081';","        console.error('server starting on port ' + process.env.PORT);","        local.http.createServer(function (request, response) {","            request.urlParsed = local.url.parse(request.url);","            if (local.assetsDict[request.urlParsed.pathname] !== undefined) {","                response.end(local.assetsDict[request.urlParsed.pathname]);","                return;","            }","            response.statusCode = 404;","            response.end();","        }).listen(process.env.PORT);","        break;","    }","}());",""],"l":{"26":2,"28":2,"33":2,"35":2,"37":2,"38":2,"39":2,"44":1,"51":2,"55":2,"59":2,"61":2,"69":1,"70":2,"76":2,"79":2,"82":2,"83":2,"85":1,"89":2,"92":1,"93":1,"94":1,"96":1,"97":1,"100":1,"101":1,"103":1,"106":1,"108":2,"114":1,"116":1,"118":1,"123":1,"124":2,"125":2,"126":3,"127":3,"128":3,"129":3,"130":1,"133":3,"134":3,"139":3,"143":1,"144":3,"145":1,"149":1,"150":1,"158":1,"160":1,"161":1,"162":1,"164":1,"166":1,"258":1,"259":1,"271":1,"274":6,"275":6,"277":1,"279":2,"281":1,"283":2,"288":1,"289":1,"291":1,"296":1,"303":1,"306":1,"307":1,"310":1,"311":1,"313":1,"314":1,"315":1,"316":1,"317":1,"318":1,"319":1,"321":1,"322":1,"324":1}},"/home/travis/build/npmtest/node-npmtest-cylon/node_modules/cylon/index.js":{"path":"/home/travis/build/npmtest/node-npmtest-cylon/node_modules/cylon/index.js","s":{"1":1,"2":1,"3":1,"4":0,"5":1,"6":0,"7":0},"b":{"1":[0,1]},"f":{"1":0},"fnMap":{"1":{"name":"(anonymous_1)","line":29,"loc":{"start":{"line":29,"column":21},"end":{"line":29,"column":32}}}},"statementMap":{"1":{"start":{"line":3,"column":0},"end":{"line":3,"column":31}},"2":{"start":{"line":5,"column":0},"end":{"line":27,"column":2}},"3":{"start":{"line":29,"column":0},"end":{"line":31,"column":3}},"4":{"start":{"line":30,"column":2},"end":{"line":30,"column":52}},"5":{"start":{"line":33,"column":0},"end":{"line":38,"column":1}},"6":{"start":{"line":34,"column":2},"end":{"line":35,"column":50}},"7":{"start":{"line":37,"column":2},"end":{"line":37,"column":61}}},"branchMap":{"1":{"line":33,"type":"if","locations":[{"start":{"line":33,"column":0},"end":{"line":33,"column":0}},{"start":{"line":33,"column":0},"end":{"line":33,"column":0}}]}},"code":["\"use strict\";","","var MCP = require(\"./lib/mcp\");","","module.exports = {","  MCP: require(\"./lib/mcp\"),","","  Robot: require(\"./lib/robot\"),","","  Driver: require(\"./lib/driver\"),","  Adaptor: require(\"./lib/adaptor\"),","","  Utils: require(\"./lib/utils\"),","  Logger: require(\"./lib/logger\"),","","  IO: {","    DigitalPin: require(\"./lib/io/digital-pin\"),","    Utils: require(\"./lib/io/utils\")","  },","","  robot: MCP.create,","  api: require(\"./lib/api\").create,","  config: require(\"./lib/config\").update,","","  start: MCP.start,","  halt: MCP.halt","};","","process.on(\"SIGINT\", function() {","  MCP.halt(process.kill.bind(process, process.pid));","});","","if (process.platform === \"win32\") {","  var io = { input: process.stdin, output: process.stdout },","      quit = process.emit.bind(process, \"SIGINT\");","","  require(\"readline\").createInterface(io).on(\"SIGINT\", quit);","}",""],"l":{"3":1,"5":1,"29":1,"30":0,"33":1,"34":0,"37":0}},"/home/travis/build/npmtest/node-npmtest-cylon/node_modules/cylon/lib/mcp.js":{"path":"/home/travis/build/npmtest/node-npmtest-cylon/node_modules/cylon/lib/mcp.js","s":{"1":1,"2":1,"3":1,"4":1,"5":1,"6":1,"7":1,"8":0,"9":0,"10":0,"11":0,"12":0,"13":0,"14":0,"15":0,"16":0,"17":0,"18":0,"19":1,"20":0,"21":0,"22":0,"23":0,"24":0,"25":0,"26":1,"27":0,"28":0,"29":0,"30":0,"31":0,"32":1,"33":0},"b":{"1":[0,0],"2":[0,0],"3":[0,0],"4":[0,0],"5":[0,0],"6":[0,0]},"f":{"1":0,"2":0,"3":0,"4":0,"5":0,"6":0,"7":0},"fnMap":{"1":{"name":"create","line":23,"loc":{"start":{"line":23,"column":13},"end":{"line":23,"column":35}}},"2":{"name":"start","line":44,"loc":{"start":{"line":44,"column":12},"end":{"line":44,"column":37}}},"3":{"name":"(anonymous_3)","line":47,"loc":{"start":{"line":47,"column":18},"end":{"line":47,"column":29}}},"4":{"name":"halt","line":60,"loc":{"start":{"line":60,"column":11},"end":{"line":60,"column":35}}},"5":{"name":"(anonymous_5)","line":61,"loc":{"start":{"line":61,"column":25},"end":{"line":61,"column":36}}},"6":{"name":"(anonymous_6)","line":65,"loc":{"start":{"line":65,"column":42},"end":{"line":65,"column":53}}},"7":{"name":"(anonymous_7)","line":76,"loc":{"start":{"line":76,"column":13},"end":{"line":76,"column":24}}}},"statementMap":{"1":{"start":{"line":3,"column":0},"end":{"line":3,"column":50}},"2":{"start":{"line":5,"column":0},"end":{"line":9,"column":35}},"3":{"start":{"line":11,"column":0},"end":{"line":11,"column":46}},"4":{"start":{"line":13,"column":0},"end":{"line":13,"column":16}},"5":{"start":{"line":14,"column":0},"end":{"line":14,"column":18}},"6":{"start":{"line":15,"column":0},"end":{"line":15,"column":48}},"7":{"start":{"line":23,"column":0},"end":{"line":42,"column":2}},"8":{"start":{"line":24,"column":2},"end":{"line":24,"column":20}},"9":{"start":{"line":27,"column":2},"end":{"line":35,"column":3}},"10":{"start":{"line":28,"column":4},"end":{"line":28,"column":29}},"11":{"start":{"line":29,"column":4},"end":{"line":29,"column":68}},"12":{"start":{"line":31,"column":4},"end":{"line":31,"column":55}},"13":{"start":{"line":32,"column":4},"end":{"line":32,"column":49}},"14":{"start":{"line":34,"column":4},"end":{"line":34,"column":20}},"15":{"start":{"line":37,"column":2},"end":{"line":37,"column":28}},"16":{"start":{"line":38,"column":2},"end":{"line":38,"column":29}},"17":{"start":{"line":39,"column":2},"end":{"line":39,"column":36}},"18":{"start":{"line":41,"column":2},"end":{"line":41,"column":13}},"19":{"start":{"line":44,"column":0},"end":{"line":52,"column":2}},"20":{"start":{"line":45,"column":2},"end":{"line":45,"column":41}},"21":{"start":{"line":47,"column":2},"end":{"line":51,"column":5}},"22":{"start":{"line":48,"column":4},"end":{"line":48,"column":56}},"23":{"start":{"line":49,"column":4},"end":{"line":49,"column":63}},"24":{"start":{"line":49,"column":27},"end":{"line":49,"column":61}},"25":{"start":{"line":50,"column":4},"end":{"line":50,"column":15}},"26":{"start":{"line":60,"column":0},"end":{"line":69,"column":2}},"27":{"start":{"line":61,"column":2},"end":{"line":61,"column":39}},"28":{"start":{"line":63,"column":2},"end":{"line":63,"column":65}},"29":{"start":{"line":65,"column":2},"end":{"line":68,"column":5}},"30":{"start":{"line":66,"column":4},"end":{"line":66,"column":26}},"31":{"start":{"line":67,"column":4},"end":{"line":67,"column":15}},"32":{"start":{"line":76,"column":0},"end":{"line":82,"column":2}},"33":{"start":{"line":77,"column":2},"end":{"line":81,"column":4}}},"branchMap":{"1":{"line":24,"type":"binary-expr","locations":[{"start":{"line":24,"column":9},"end":{"line":24,"column":13}},{"start":{"line":24,"column":17},"end":{"line":24,"column":19}}]},"2":{"line":27,"type":"if","locations":[{"start":{"line":27,"column":2},"end":{"line":27,"column":2}},{"start":{"line":27,"column":2},"end":{"line":27,"column":2}}]},"3":{"line":27,"type":"binary-expr","locations":[{"start":{"line":27,"column":6},"end":{"line":27,"column":15}},{"start":{"line":27,"column":19},"end":{"line":27,"column":40}}]},"4":{"line":49,"type":"if","locations":[{"start":{"line":49,"column":4},"end":{"line":49,"column":4}},{"start":{"line":49,"column":4},"end":{"line":49,"column":4}}]},"5":{"line":61,"type":"binary-expr","locations":[{"start":{"line":61,"column":13},"end":{"line":61,"column":21}},{"start":{"line":61,"column":25},"end":{"line":61,"column":38}}]},"6":{"line":63,"type":"binary-expr","locations":[{"start":{"line":63,"column":37},"end":{"line":63,"column":55}},{"start":{"line":63,"column":59},"end":{"line":63,"column":63}}]}},"code":["\"use strict\";","","var EventEmitter = require(\"events\").EventEmitter;","","var Config = require(\"./config\"),","    Logger = require(\"./logger\"),","    Utils = require(\"./utils\"),","    Robot = require(\"./robot\"),","    _ = require(\"./utils/helpers\");","","var mcp = module.exports = new EventEmitter();","","mcp.robots = {};","mcp.commands = {};","mcp.events = [ \"robot_added\", \"robot_removed\" ];","","/**"," * Creates a new Robot with the provided options."," *"," * @param {Object} opts robot options"," * @return {Robot} the new robot"," */","mcp.create = function create(opts) {","  opts = opts || {};","","  // check if a robot with the same name exists already","  if (opts.name && mcp.robots[opts.name]) {","    var original = opts.name;","    opts.name = Utils.makeUnique(original, Object.keys(mcp.robots));","","    var str = \"Robot names must be unique. Renaming '\";","    str += original + \"' to '\" + opts.name + \"'\";","","    Logger.log(str);","  }","","  var bot = new Robot(opts);","  mcp.robots[bot.name] = bot;","  mcp.emit(\"robot_added\", bot.name);","","  return bot;","};","","mcp.start = function start(callback) {","  var fns = _.pluck(mcp.robots, \"start\");","","  _.parallel(fns, function() {","    var mode = Utils.fetch(Config, \"workMode\", \"async\");","    if (mode === \"sync\") { _.invoke(mcp.robots, \"startWork\"); }","    callback();","  });","};","","/**"," * Halts all MCP robots."," *"," * @param {Function} callback function to call when done halting robots"," * @return {void}"," */","mcp.halt = function halt(callback) {","  callback = callback || function() {};","","  var timeout = setTimeout(callback, Config.haltTimeout || 3000);","","  _.parallel(_.pluck(mcp.robots, \"halt\"), function() {","    clearTimeout(timeout);","    callback();","  });","};","","/**"," * Serializes MCP robots, commands, and events into a JSON-serializable Object."," *"," * @return {Object} a serializable representation of the MCP"," */","mcp.toJSON = function() {","  return {","    robots: _.invoke(mcp.robots, \"toJSON\"),","    commands: Object.keys(mcp.commands),","    events: mcp.events","  };","};",""],"l":{"3":1,"5":1,"11":1,"13":1,"14":1,"15":1,"23":1,"24":0,"27":0,"28":0,"29":0,"31":0,"32":0,"34":0,"37":0,"38":0,"39":0,"41":0,"44":1,"45":0,"47":0,"48":0,"49":0,"50":0,"60":1,"61":0,"63":0,"65":0,"66":0,"67":0,"76":1,"77":0}},"/home/travis/build/npmtest/node-npmtest-cylon/node_modules/cylon/lib/config.js":{"path":"/home/travis/build/npmtest/node-npmtest-cylon/node_modules/cylon/lib/config.js","s":{"1":1,"2":1,"3":1,"4":1,"5":1,"6":1,"7":1,"8":1,"9":0,"10":0,"11":0,"12":0,"13":0,"14":0,"15":0,"16":0,"17":0,"18":0,"19":1,"20":1,"21":1,"22":0,"23":0,"24":0},"b":{"1":[0,0],"2":[0,0],"3":[0,0]},"f":{"1":0,"2":0,"3":0,"4":1,"5":0},"fnMap":{"1":{"name":"update","line":21,"loc":{"start":{"line":21,"column":16},"end":{"line":21,"column":38}}},"2":{"name":"(anonymous_2)","line":24,"loc":{"start":{"line":24,"column":28},"end":{"line":24,"column":42}}},"3":{"name":"(anonymous_3)","line":34,"loc":{"start":{"line":34,"column":20},"end":{"line":34,"column":39}}},"4":{"name":"subscribe","line":45,"loc":{"start":{"line":45,"column":19},"end":{"line":45,"column":48}}},"5":{"name":"unsubscribe","line":55,"loc":{"start":{"line":55,"column":21},"end":{"line":55,"column":52}}}},"statementMap":{"1":{"start":{"line":3,"column":0},"end":{"line":3,"column":35}},"2":{"start":{"line":5,"column":0},"end":{"line":6,"column":19}},"3":{"start":{"line":9,"column":0},"end":{"line":9,"column":26}},"4":{"start":{"line":10,"column":0},"end":{"line":10,"column":24}},"5":{"start":{"line":11,"column":0},"end":{"line":11,"column":21}},"6":{"start":{"line":12,"column":0},"end":{"line":12,"column":22}},"7":{"start":{"line":13,"column":0},"end":{"line":13,"column":21}},"8":{"start":{"line":21,"column":0},"end":{"line":37,"column":2}},"9":{"start":{"line":22,"column":2},"end":{"line":22,"column":57}},"10":{"start":{"line":24,"column":2},"end":{"line":26,"column":5}},"11":{"start":{"line":25,"column":4},"end":{"line":25,"column":54}},"12":{"start":{"line":25,"column":35},"end":{"line":25,"column":52}},"13":{"start":{"line":28,"column":2},"end":{"line":30,"column":3}},"14":{"start":{"line":29,"column":4},"end":{"line":29,"column":18}},"15":{"start":{"line":32,"column":2},"end":{"line":32,"column":25}},"16":{"start":{"line":34,"column":2},"end":{"line":34,"column":60}},"17":{"start":{"line":34,"column":41},"end":{"line":34,"column":56}},"18":{"start":{"line":36,"column":2},"end":{"line":36,"column":16}},"19":{"start":{"line":45,"column":0},"end":{"line":47,"column":2}},"20":{"start":{"line":46,"column":2},"end":{"line":46,"column":27}},"21":{"start":{"line":55,"column":0},"end":{"line":58,"column":2}},"22":{"start":{"line":56,"column":2},"end":{"line":56,"column":40}},"23":{"start":{"line":57,"column":2},"end":{"line":57,"column":45}},"24":{"start":{"line":57,"column":18},"end":{"line":57,"column":43}}},"branchMap":{"1":{"line":25,"type":"if","locations":[{"start":{"line":25,"column":4},"end":{"line":25,"column":4}},{"start":{"line":25,"column":4},"end":{"line":25,"column":4}}]},"2":{"line":28,"type":"if","locations":[{"start":{"line":28,"column":2},"end":{"line":28,"column":2}},{"start":{"line":28,"column":2},"end":{"line":28,"column":2}}]},"3":{"line":57,"type":"if","locations":[{"start":{"line":57,"column":2},"end":{"line":57,"column":2}},{"start":{"line":57,"column":2},"end":{"line":57,"column":2}}]}},"code":["\"use strict\";","","var _ = require(\"./utils/helpers\");","","var config = module.exports = {},","    callbacks = [];","","// default data","config.haltTimeout = 3000;","config.testMode = false;","config.logger = null;","config.silent = false;","config.debug = false;","","/**"," * Updates the Config, and triggers handler callbacks"," *"," * @param {Object} data new configuration information to set"," * @return {Object} the updated configuration"," */","config.update = function update(data) {","  var forbidden = [\"update\", \"subscribe\", \"unsubscribe\"];","","  Object.keys(data).forEach(function(key) {","    if (~forbidden.indexOf(key)) { delete data[key]; }","  });","","  if (!Object.keys(data).length) {","    return config;","  }","","  _.extend(config, data);","","  callbacks.forEach(function(callback) { callback(data); });","","  return config;","};","","/**"," * Subscribes a function to be called whenever the config is updated"," *"," * @param {Function} callback function to be called with updated data"," * @return {void}"," */","config.subscribe = function subscribe(callback) {","  callbacks.push(callback);","};","","/**"," * Unsubscribes a callback from configuration changes"," *"," * @param {Function} callback function to unsubscribe from changes"," * @return {void}"," */","config.unsubscribe = function unsubscribe(callback) {","  var idx = callbacks.indexOf(callback);","  if (idx >= 0) { callbacks.splice(idx, 1); }","};",""],"l":{"3":1,"5":1,"9":1,"10":1,"11":1,"12":1,"13":1,"21":1,"22":0,"24":0,"25":0,"28":0,"29":0,"32":0,"34":0,"36":0,"45":1,"46":1,"55":1,"56":0,"57":0}},"/home/travis/build/npmtest/node-npmtest-cylon/node_modules/cylon/lib/utils/helpers.js":{"path":"/home/travis/build/npmtest/node-npmtest-cylon/node_modules/cylon/lib/utils/helpers.js","s":{"1":1,"2":1,"3":1,"4":0,"5":1,"6":7,"7":7,"8":0,"9":7,"10":0,"11":0,"12":0,"13":0,"14":0,"15":0,"16":0,"17":7,"18":7,"19":21,"20":21,"21":0,"22":0,"23":0,"24":7,"25":1,"26":1,"27":1,"28":1,"29":7,"30":1,"31":1,"32":0,"33":1,"34":0,"35":0,"36":0,"37":0,"38":0,"39":0,"40":0,"41":1,"42":0,"43":0,"44":0,"45":0,"46":0,"47":0,"48":0,"49":1,"50":0,"51":0,"52":0,"53":0,"54":0,"55":0,"56":1,"57":0,"58":0,"59":0,"60":0,"61":0,"62":0,"63":0,"64":1,"65":0,"66":0,"67":0,"68":0,"69":0,"70":0,"71":0,"72":0,"73":0,"74":0,"75":0,"76":0,"77":0,"78":0,"79":0,"80":1,"81":1,"82":0,"83":0,"84":0,"85":1,"86":0,"87":0,"88":0,"89":1,"90":0,"91":0,"92":0,"93":1,"94":1,"95":2,"96":1,"97":1,"98":0,"99":0,"100":0,"101":1,"102":0,"103":0,"104":0,"105":0,"106":0,"107":0,"108":0,"109":0,"110":0,"111":0,"112":0,"113":0,"114":0,"115":0,"116":1,"117":1,"118":0,"119":0,"120":0,"121":1,"122":0,"123":0,"124":0,"125":0,"126":0,"127":0,"128":0,"129":1,"130":0,"131":0,"132":0,"133":0,"134":1},"b":{"1":[0,7],"2":[0,0],"3":[0,7],"4":[0,0],"5":[0,0],"6":[0,0],"7":[21,0],"8":[21,0],"9":[0,0],"10":[0,0],"11":[0,0],"12":[0,0],"13":[0,0],"14":[0,0],"15":[0,0],"16":[0,0],"17":[0,0],"18":[0,0],"19":[0,0],"20":[0,0],"21":[0,0],"22":[0,0],"23":[0,0],"24":[0,0],"25":[0,0],"26":[0,0],"27":[0,0],"28":[0,0],"29":[0,0],"30":[0,0],"31":[0,0]},"f":{"1":0,"2":7,"3":0,"4":1,"5":7,"6":1,"7":0,"8":0,"9":0,"10":0,"11":0,"12":0,"13":0,"14":0,"15":0,"16":0,"17":0,"18":0,"19":0,"20":0,"21":0,"22":0,"23":2,"24":0,"25":0,"26":0,"27":0,"28":0,"29":0,"30":0,"31":0},"fnMap":{"1":{"name":"identity","line":9,"loc":{"start":{"line":9,"column":0},"end":{"line":9,"column":25}}},"2":{"name":"extend","line":13,"loc":{"start":{"line":13,"column":0},"end":{"line":13,"column":30}}},"3":{"name":"(anonymous_3)","line":21,"loc":{"start":{"line":21,"column":19},"end":{"line":21,"column":34}}},"4":{"name":"kind","line":52,"loc":{"start":{"line":52,"column":0},"end":{"line":52,"column":21}}},"5":{"name":"isA","line":56,"loc":{"start":{"line":56,"column":0},"end":{"line":56,"column":19}}},"6":{"name":"(anonymous_6)","line":57,"loc":{"start":{"line":57,"column":9},"end":{"line":57,"column":25}}},"7":{"name":"(anonymous_7)","line":64,"loc":{"start":{"line":64,"column":17},"end":{"line":64,"column":33}}},"8":{"name":"iterate","line":73,"loc":{"start":{"line":73,"column":0},"end":{"line":73,"column":37}}},"9":{"name":"pluck","line":87,"loc":{"start":{"line":87,"column":0},"end":{"line":87,"column":32}}},"10":{"name":"(anonymous_10)","line":90,"loc":{"start":{"line":90,"column":22},"end":{"line":90,"column":39}}},"11":{"name":"map","line":103,"loc":{"start":{"line":103,"column":0},"end":{"line":103,"column":38}}},"12":{"name":"(anonymous_12)","line":110,"loc":{"start":{"line":110,"column":22},"end":{"line":110,"column":46}}},"13":{"name":"invoke","line":117,"loc":{"start":{"line":117,"column":0},"end":{"line":117,"column":32}}},"14":{"name":"(anonymous_14)","line":121,"loc":{"start":{"line":121,"column":22},"end":{"line":121,"column":39}}},"15":{"name":"reduce","line":133,"loc":{"start":{"line":133,"column":0},"end":{"line":133,"column":60}}},"16":{"name":"(anonymous_16)","line":156,"loc":{"start":{"line":156,"column":22},"end":{"line":156,"column":45}}},"17":{"name":"arity","line":171,"loc":{"start":{"line":171,"column":0},"end":{"line":171,"column":22}}},"18":{"name":"(anonymous_18)","line":172,"loc":{"start":{"line":172,"column":9},"end":{"line":172,"column":20}}},"19":{"name":"partial","line":178,"loc":{"start":{"line":178,"column":0},"end":{"line":178,"column":21}}},"20":{"name":"(anonymous_20)","line":181,"loc":{"start":{"line":181,"column":9},"end":{"line":181,"column":20}}},"21":{"name":"partialRight","line":186,"loc":{"start":{"line":186,"column":0},"end":{"line":186,"column":26}}},"22":{"name":"(anonymous_22)","line":189,"loc":{"start":{"line":189,"column":9},"end":{"line":189,"column":20}}},"23":{"name":"includes","line":200,"loc":{"start":{"line":200,"column":0},"end":{"line":200,"column":30}}},"24":{"name":"parallel","line":208,"loc":{"start":{"line":208,"column":0},"end":{"line":208,"column":35}}},"25":{"name":"(anonymous_25)","line":214,"loc":{"start":{"line":214,"column":43},"end":{"line":214,"column":54}}},"26":{"name":"callback","line":216,"loc":{"start":{"line":216,"column":2},"end":{"line":216,"column":33}}},"27":{"name":"(anonymous_27)","line":237,"loc":{"start":{"line":237,"column":20},"end":{"line":237,"column":33}}},"28":{"name":"series","line":244,"loc":{"start":{"line":244,"column":0},"end":{"line":244,"column":33}}},"29":{"name":"(anonymous_29)","line":248,"loc":{"start":{"line":248,"column":43},"end":{"line":248,"column":54}}},"30":{"name":"callback","line":250,"loc":{"start":{"line":250,"column":2},"end":{"line":250,"column":33}}},"31":{"name":"next","line":265,"loc":{"start":{"line":265,"column":2},"end":{"line":265,"column":18}}}},"statementMap":{"1":{"start":{"line":5,"column":0},"end":{"line":5,"column":36}},"2":{"start":{"line":7,"column":0},"end":{"line":7,"column":28}},"3":{"start":{"line":9,"column":0},"end":{"line":11,"column":1}},"4":{"start":{"line":10,"column":2},"end":{"line":10,"column":15}},"5":{"start":{"line":13,"column":0},"end":{"line":45,"column":1}},"6":{"start":{"line":14,"column":2},"end":{"line":14,"column":38}},"7":{"start":{"line":16,"column":2},"end":{"line":18,"column":3}},"8":{"start":{"line":17,"column":4},"end":{"line":17,"column":29}},"9":{"start":{"line":20,"column":2},"end":{"line":42,"column":3}},"10":{"start":{"line":21,"column":4},"end":{"line":29,"column":7}},"11":{"start":{"line":22,"column":6},"end":{"line":28,"column":7}},"12":{"start":{"line":23,"column":8},"end":{"line":23,"column":20}},"13":{"start":{"line":24,"column":13},"end":{"line":28,"column":7}},"14":{"start":{"line":25,"column":8},"end":{"line":25,"column":37}},"15":{"start":{"line":26,"column":13},"end":{"line":28,"column":7}},"16":{"start":{"line":27,"column":8},"end":{"line":27,"column":21}},"17":{"start":{"line":31,"column":4},"end":{"line":31,"column":12}},"18":{"start":{"line":33,"column":4},"end":{"line":41,"column":5}},"19":{"start":{"line":34,"column":6},"end":{"line":40,"column":7}},"20":{"start":{"line":35,"column":8},"end":{"line":35,"column":32}},"21":{"start":{"line":36,"column":13},"end":{"line":40,"column":7}},"22":{"start":{"line":37,"column":8},"end":{"line":37,"column":39}},"23":{"start":{"line":39,"column":8},"end":{"line":39,"column":32}},"24":{"start":{"line":44,"column":2},"end":{"line":44,"column":14}},"25":{"start":{"line":47,"column":0},"end":{"line":50,"column":3}},"26":{"start":{"line":52,"column":0},"end":{"line":54,"column":1}},"27":{"start":{"line":53,"column":2},"end":{"line":53,"column":60}},"28":{"start":{"line":56,"column":0},"end":{"line":60,"column":1}},"29":{"start":{"line":57,"column":2},"end":{"line":59,"column":4}},"30":{"start":{"line":58,"column":4},"end":{"line":58,"column":32}},"31":{"start":{"line":62,"column":0},"end":{"line":71,"column":3}},"32":{"start":{"line":64,"column":35},"end":{"line":64,"column":68}},"33":{"start":{"line":73,"column":0},"end":{"line":85,"column":1}},"34":{"start":{"line":74,"column":2},"end":{"line":77,"column":3}},"35":{"start":{"line":75,"column":4},"end":{"line":75,"column":31}},"36":{"start":{"line":76,"column":4},"end":{"line":76,"column":11}},"37":{"start":{"line":79,"column":2},"end":{"line":84,"column":3}},"38":{"start":{"line":80,"column":4},"end":{"line":83,"column":5}},"39":{"start":{"line":81,"column":6},"end":{"line":81,"column":29}},"40":{"start":{"line":82,"column":6},"end":{"line":82,"column":35}},"41":{"start":{"line":87,"column":0},"end":{"line":101,"column":1}},"42":{"start":{"line":88,"column":2},"end":{"line":88,"column":16}},"43":{"start":{"line":90,"column":2},"end":{"line":98,"column":5}},"44":{"start":{"line":91,"column":4},"end":{"line":97,"column":5}},"45":{"start":{"line":92,"column":6},"end":{"line":96,"column":7}},"46":{"start":{"line":93,"column":8},"end":{"line":93,"column":44}},"47":{"start":{"line":95,"column":8},"end":{"line":95,"column":31}},"48":{"start":{"line":100,"column":2},"end":{"line":100,"column":14}},"49":{"start":{"line":103,"column":0},"end":{"line":115,"column":1}},"50":{"start":{"line":104,"column":2},"end":{"line":104,"column":16}},"51":{"start":{"line":106,"column":2},"end":{"line":108,"column":3}},"52":{"start":{"line":107,"column":4},"end":{"line":107,"column":18}},"53":{"start":{"line":110,"column":2},"end":{"line":112,"column":5}},"54":{"start":{"line":111,"column":4},"end":{"line":111,"column":47}},"55":{"start":{"line":114,"column":2},"end":{"line":114,"column":14}},"56":{"start":{"line":117,"column":0},"end":{"line":131,"column":1}},"57":{"start":{"line":118,"column":2},"end":{"line":119,"column":16}},"58":{"start":{"line":121,"column":2},"end":{"line":128,"column":5}},"59":{"start":{"line":122,"column":4},"end":{"line":125,"column":5}},"60":{"start":{"line":123,"column":6},"end":{"line":123,"column":40}},"61":{"start":{"line":124,"column":6},"end":{"line":124,"column":13}},"62":{"start":{"line":127,"column":4},"end":{"line":127,"column":51}},"63":{"start":{"line":130,"column":2},"end":{"line":130,"column":14}},"64":{"start":{"line":133,"column":0},"end":{"line":161,"column":1}},"65":{"start":{"line":134,"column":2},"end":{"line":134,"column":38}},"66":{"start":{"line":136,"column":2},"end":{"line":138,"column":3}},"67":{"start":{"line":137,"column":4},"end":{"line":137,"column":16}},"68":{"start":{"line":140,"column":2},"end":{"line":142,"column":3}},"69":{"start":{"line":141,"column":4},"end":{"line":141,"column":24}},"70":{"start":{"line":144,"column":2},"end":{"line":154,"column":3}},"71":{"start":{"line":145,"column":4},"end":{"line":153,"column":5}},"72":{"start":{"line":146,"column":6},"end":{"line":146,"column":39}},"73":{"start":{"line":148,"column":6},"end":{"line":152,"column":7}},"74":{"start":{"line":149,"column":8},"end":{"line":149,"column":38}},"75":{"start":{"line":150,"column":8},"end":{"line":150,"column":31}},"76":{"start":{"line":151,"column":8},"end":{"line":151,"column":14}},"77":{"start":{"line":156,"column":2},"end":{"line":158,"column":5}},"78":{"start":{"line":157,"column":4},"end":{"line":157,"column":68}},"79":{"start":{"line":160,"column":2},"end":{"line":160,"column":21}},"80":{"start":{"line":163,"column":0},"end":{"line":169,"column":3}},"81":{"start":{"line":171,"column":0},"end":{"line":176,"column":1}},"82":{"start":{"line":172,"column":2},"end":{"line":175,"column":4}},"83":{"start":{"line":173,"column":4},"end":{"line":173,"column":45}},"84":{"start":{"line":174,"column":4},"end":{"line":174,"column":32}},"85":{"start":{"line":178,"column":0},"end":{"line":184,"column":1}},"86":{"start":{"line":179,"column":2},"end":{"line":179,"column":40}},"87":{"start":{"line":181,"column":2},"end":{"line":183,"column":4}},"88":{"start":{"line":182,"column":4},"end":{"line":182,"column":64}},"89":{"start":{"line":186,"column":0},"end":{"line":192,"column":1}},"90":{"start":{"line":187,"column":2},"end":{"line":187,"column":40}},"91":{"start":{"line":189,"column":2},"end":{"line":191,"column":4}},"92":{"start":{"line":190,"column":4},"end":{"line":190,"column":64}},"93":{"start":{"line":194,"column":0},"end":{"line":198,"column":3}},"94":{"start":{"line":200,"column":0},"end":{"line":202,"column":1}},"95":{"start":{"line":201,"column":2},"end":{"line":201,"column":31}},"96":{"start":{"line":204,"column":0},"end":{"line":206,"column":3}},"97":{"start":{"line":208,"column":0},"end":{"line":238,"column":1}},"98":{"start":{"line":209,"column":2},"end":{"line":212,"column":12}},"99":{"start":{"line":214,"column":2},"end":{"line":214,"column":59}},"100":{"start":{"line":214,"column":36},"end":{"line":214,"column":57}},"101":{"start":{"line":216,"column":2},"end":{"line":233,"column":3}},"102":{"start":{"line":217,"column":4},"end":{"line":219,"column":5}},"103":{"start":{"line":218,"column":6},"end":{"line":218,"column":13}},"104":{"start":{"line":221,"column":4},"end":{"line":225,"column":5}},"105":{"start":{"line":222,"column":6},"end":{"line":222,"column":18}},"106":{"start":{"line":223,"column":6},"end":{"line":223,"column":16}},"107":{"start":{"line":224,"column":6},"end":{"line":224,"column":13}},"108":{"start":{"line":227,"column":4},"end":{"line":227,"column":16}},"109":{"start":{"line":228,"column":4},"end":{"line":228,"column":25}},"110":{"start":{"line":230,"column":4},"end":{"line":232,"column":5}},"111":{"start":{"line":231,"column":6},"end":{"line":231,"column":26}},"112":{"start":{"line":235,"column":2},"end":{"line":235,"column":36}},"113":{"start":{"line":235,"column":27},"end":{"line":235,"column":34}},"114":{"start":{"line":237,"column":2},"end":{"line":237,"column":52}},"115":{"start":{"line":237,"column":35},"end":{"line":237,"column":48}},"116":{"start":{"line":240,"column":0},"end":{"line":242,"column":3}},"117":{"start":{"line":244,"column":0},"end":{"line":271,"column":1}},"118":{"start":{"line":245,"column":2},"end":{"line":246,"column":12}},"119":{"start":{"line":248,"column":2},"end":{"line":248,"column":59}},"120":{"start":{"line":248,"column":36},"end":{"line":248,"column":57}},"121":{"start":{"line":250,"column":2},"end":{"line":263,"column":3}},"122":{"start":{"line":251,"column":4},"end":{"line":254,"column":5}},"123":{"start":{"line":252,"column":6},"end":{"line":252,"column":18}},"124":{"start":{"line":253,"column":6},"end":{"line":253,"column":23}},"125":{"start":{"line":256,"column":4},"end":{"line":256,"column":25}},"126":{"start":{"line":258,"column":4},"end":{"line":260,"column":5}},"127":{"start":{"line":259,"column":6},"end":{"line":259,"column":33}},"128":{"start":{"line":262,"column":4},"end":{"line":262,"column":11}},"129":{"start":{"line":265,"column":2},"end":{"line":267,"column":3}},"130":{"start":{"line":266,"column":4},"end":{"line":266,"column":32}},"131":{"start":{"line":269,"column":2},"end":{"line":269,"column":49}},"132":{"start":{"line":269,"column":27},"end":{"line":269,"column":47}},"133":{"start":{"line":270,"column":2},"end":{"line":270,"column":9}},"134":{"start":{"line":273,"column":0},"end":{"line":275,"column":3}}},"branchMap":{"1":{"line":16,"type":"if","locations":[{"start":{"line":16,"column":2},"end":{"line":16,"column":2}},{"start":{"line":16,"column":2},"end":{"line":16,"column":2}}]},"2":{"line":17,"type":"cond-expr","locations":[{"start":{"line":17,"column":21},"end":{"line":17,"column":23}},{"start":{"line":17,"column":26},"end":{"line":17,"column":28}}]},"3":{"line":20,"type":"if","locations":[{"start":{"line":20,"column":2},"end":{"line":20,"column":2}},{"start":{"line":20,"column":2},"end":{"line":20,"column":2}}]},"4":{"line":22,"type":"if","locations":[{"start":{"line":22,"column":6},"end":{"line":22,"column":6}},{"start":{"line":22,"column":6},"end":{"line":22,"column":6}}]},"5":{"line":24,"type":"if","locations":[{"start":{"line":24,"column":13},"end":{"line":24,"column":13}},{"start":{"line":24,"column":13},"end":{"line":24,"column":13}}]},"6":{"line":26,"type":"if","locations":[{"start":{"line":26,"column":13},"end":{"line":26,"column":13}},{"start":{"line":26,"column":13},"end":{"line":26,"column":13}}]},"7":{"line":34,"type":"if","locations":[{"start":{"line":34,"column":6},"end":{"line":34,"column":6}},{"start":{"line":34,"column":6},"end":{"line":34,"column":6}}]},"8":{"line":34,"type":"binary-expr","locations":[{"start":{"line":34,"column":10},"end":{"line":34,"column":41}},{"start":{"line":34,"column":45},"end":{"line":34,"column":57}}]},"9":{"line":36,"type":"if","locations":[{"start":{"line":36,"column":13},"end":{"line":36,"column":13}},{"start":{"line":36,"column":13},"end":{"line":36,"column":13}}]},"10":{"line":74,"type":"if","locations":[{"start":{"line":74,"column":2},"end":{"line":74,"column":2}},{"start":{"line":74,"column":2},"end":{"line":74,"column":2}}]},"11":{"line":79,"type":"if","locations":[{"start":{"line":79,"column":2},"end":{"line":79,"column":2}},{"start":{"line":79,"column":2},"end":{"line":79,"column":2}}]},"12":{"line":91,"type":"if","locations":[{"start":{"line":91,"column":4},"end":{"line":91,"column":4}},{"start":{"line":91,"column":4},"end":{"line":91,"c
[...]
"line":38,"column":2},"end":{"line":44,"column":16}},"16":{"start":{"line":39,"column":4},"end":{"line":43,"column":5}},"17":{"start":{"line":40,"column":6},"end":{"line":40,"column":22}},"18":{"start":{"line":42,"column":6},"end":{"line":42,"column":28}},"19":{"start":{"line":47,"column":0},"end":{"line":51,"column":2}},"20":{"start":{"line":48,"column":2},"end":{"line":50,"column":16}},"21":{"start":{"line":49,"column":4},"end":{"line":49,"column":29}},"22":{"start":{"line":53,"column":0},"end":{"line":56,"column":2}},"23":{"start":{"line":54,"column":2},"end":{"line":54,"column":54}},"24":{"start":{"line":55,"column":2},"end":{"line":55,"column":29}},"25":{"start":{"line":58,"column":0},"end":{"line":77,"column":2}},"26":{"start":{"line":59,"column":2},"end":{"line":61,"column":3}},"27":{"start":{"line":60,"column":4},"end":{"line":60,"column":23}},"28":{"start":{"line":63,"column":2},"end":{"line":63,"column":45}},"29":{"start":{"line":65,"column":2},"end":{"line":74,"column":16}},"30":{"start":{"line":66,"column":4},"end":{"line":73,"column":5}},"31":{"start":{"line":67,"column":6},"end":{"line":67,"column":54}},"32":{"start":{"line":68,"column":6},"end":{"line":68,"column":46}},"33":{"start":{"line":70,"column":6},"end":{"line":70,"column":30}},"34":{"start":{"line":72,"column":6},"end":{"line":72,"column":39}},"35":{"start":{"line":76,"column":2},"end":{"line":76,"column":15}},"36":{"start":{"line":85,"column":0},"end":{"line":99,"column":2}},"37":{"start":{"line":86,"column":2},"end":{"line":86,"column":48}},"38":{"start":{"line":86,"column":27},"end":{"line":86,"column":46}},"39":{"start":{"line":88,"column":2},"end":{"line":98,"column":16}},"40":{"start":{"line":89,"column":4},"end":{"line":97,"column":18}},"41":{"start":{"line":90,"column":6},"end":{"line":96,"column":7}},"42":{"start":{"line":91,"column":8},"end":{"line":91,"column":75}},"43":{"start":{"line":92,"column":8},"end":{"line":92,"column":34}},"44":{"start":{"line":94,"column":8},"end":{"line":94,"column":53}},"45":{"start":{"line":95,"column":8},"end":{"line":95,"column":43}},"46":{"start":{"line":101,"column":0},"end":{"line":103,"column":2}},"47":{"start":{"line":102,"column":2},"end":{"line":102,"column":30}},"48":{"start":{"line":105,"column":0},"end":{"line":107,"column":2}},"49":{"start":{"line":106,"column":2},"end":{"line":106,"column":30}},"50":{"start":{"line":109,"column":0},"end":{"line":111,"column":2}},"51":{"start":{"line":110,"column":2},"end":{"line":110,"column":66}},"52":{"start":{"line":114,"column":0},"end":{"line":122,"column":2}},"53":{"start":{"line":115,"column":2},"end":{"line":121,"column":16}},"54":{"start":{"line":116,"column":4},"end":{"line":120,"column":5}},"55":{"start":{"line":117,"column":6},"end":{"line":117,"column":59}},"56":{"start":{"line":119,"column":6},"end":{"line":119,"column":22}},"57":{"start":{"line":124,"column":0},"end":{"line":127,"column":2}},"58":{"start":{"line":125,"column":2},"end":{"line":125,"column":33}},"59":{"start":{"line":126,"column":2},"end":{"line":126,"column":20}},"60":{"start":{"line":129,"column":0},"end":{"line":135,"column":2}},"61":{"start":{"line":130,"column":2},"end":{"line":134,"column":3}},"62":{"start":{"line":131,"column":4},"end":{"line":131,"column":56}},"63":{"start":{"line":133,"column":4},"end":{"line":133,"column":36}},"64":{"start":{"line":138,"column":0},"end":{"line":148,"column":2}},"65":{"start":{"line":139,"column":2},"end":{"line":139,"column":51}},"66":{"start":{"line":139,"column":29},"end":{"line":139,"column":49}},"67":{"start":{"line":141,"column":2},"end":{"line":141,"column":19}},"68":{"start":{"line":143,"column":2},"end":{"line":143,"column":53}},"69":{"start":{"line":145,"column":2},"end":{"line":147,"column":16}},"70":{"start":{"line":146,"column":4},"end":{"line":146,"column":44}},"71":{"start":{"line":150,"column":0},"end":{"line":160,"column":2}},"72":{"start":{"line":151,"column":2},"end":{"line":153,"column":3}},"73":{"start":{"line":152,"column":4},"end":{"line":152,"column":65}},"74":{"start":{"line":155,"column":2},"end":{"line":155,"column":20}},"75":{"start":{"line":157,"column":2},"end":{"line":159,"column":3}},"76":{"start":{"line":158,"column":4},"end":{"line":158,"column":36}},"77":{"start":{"line":162,"column":0},"end":{"line":164,"column":2}},"78":{"start":{"line":163,"column":2},"end":{"line":163,"column":40}},"79":{"start":{"line":166,"column":0},"end":{"line":168,"column":2}},"80":{"start":{"line":167,"column":2},"end":{"line":167,"column":36}},"81":{"start":{"line":170,"column":0},"end":{"line":172,"column":2}},"82":{"start":{"line":171,"column":2},"end":{"line":171,"column":43}},"83":{"start":{"line":174,"column":0},"end":{"line":176,"column":2}},"84":{"start":{"line":175,"column":2},"end":{"line":175,"column":31}},"85":{"start":{"line":178,"column":0},"end":{"line":180,"column":2}},"86":{"start":{"line":179,"column":2},"end":{"line":179,"column":33}}},"branchMap":{"1":{"line":34,"type":"if","locations":[{"start":{"line":34,"column":2},"end":{"line":34,"column":2}},{"start":{"line":34,"column":2},"end":{"line":34,"column":2}}]},"2":{"line":39,"type":"if","locations":[{"start":{"line":39,"column":4},"end":{"line":39,"column":4}},{"start":{"line":39,"column":4},"end":{"line":39,"column":4}}]},"3":{"line":59,"type":"if","locations":[{"start":{"line":59,"column":2},"end":{"line":59,"column":2}},{"start":{"line":59,"column":2},"end":{"line":59,"column":2}}]},"4":{"line":63,"type":"cond-expr","locations":[{"start":{"line":63,"column":30},"end":{"line":63,"column":36}},{"start":{"line":63,"column":39},"end":{"line":63,"column":44}}]},"5":{"line":66,"type":"if","locations":[{"start":{"line":66,"column":4},"end":{"line":66,"column":4}},{"start":{"line":66,"column":4},"end":{"line":66,"column":4}}]},"6":{"line":86,"type":"if","locations":[{"start":{"line":86,"column":2},"end":{"line":86,"column":2}},{"start":{"line":86,"column":2},"end":{"line":86,"column":2}}]},"7":{"line":90,"type":"if","locations":[{"start":{"line":90,"column":6},"end":{"line":90,"column":6}},{"start":{"line":90,"column":6},"end":{"line":90,"column":6}}]},"8":{"line":110,"type":"cond-expr","locations":[{"start":{"line":110,"column":35},"end":{"line":110,"column":49}},{"start":{"line":110,"column":52},"end":{"line":110,"column":65}}]},"9":{"line":116,"type":"if","locations":[{"start":{"line":116,"column":4},"end":{"line":116,"column":4}},{"start":{"line":116,"column":4},"end":{"line":116,"column":4}}]},"10":{"line":130,"type":"if","locations":[{"start":{"line":130,"column":2},"end":{"line":130,"column":2}},{"start":{"line":130,"column":2},"end":{"line":130,"column":2}}]},"11":{"line":139,"type":"if","locations":[{"start":{"line":139,"column":2},"end":{"line":139,"column":2}},{"start":{"line":139,"column":2},"end":{"line":139,"column":2}}]},"12":{"line":143,"type":"cond-expr","locations":[{"start":{"line":143,"column":30},"end":{"line":143,"column":40}},{"start":{"line":143,"column":43},"end":{"line":143,"column":52}}]},"13":{"line":151,"type":"if","locations":[{"start":{"line":151,"column":2},"end":{"line":151,"column":2}},{"start":{"line":151,"column":2},"end":{"line":151,"column":2}}]},"14":{"line":157,"type":"if","locations":[{"start":{"line":157,"column":2},"end":{"line":157,"column":2}},{"start":{"line":157,"column":2},"end":{"line":157,"column":2}}]}},"code":["/* eslint no-sync: 0 */","","\"use strict\";","","var FS = require(\"fs\"),","    EventEmitter = require(\"events\").EventEmitter;","","var Utils = require(\"../utils\");","","var GPIO_PATH = \"/sys/class/gpio\";","","var GPIO_READ = \"in\";","var GPIO_WRITE = \"out\";","","/**"," * The DigitalPin class provides an interface with the Linux GPIO system present"," * in single-board computers such as Raspberry Pi, or Beaglebone Black."," *"," * @constructor DigitalPin"," * @param {Object} opts digital pin options"," * @param {String} pin which pin number to use"," * @param {String} mode which pin mode to use"," */","var DigitalPin = module.exports = function DigitalPin(opts) {","  this.pinNum = opts.pin.toString();","  this.status = \"low\";","  this.ready = false;","  this.mode = opts.mode;","};","","Utils.subclass(DigitalPin, EventEmitter);","","DigitalPin.prototype.connect = function(mode) {","  if (this.mode == null) {","    this.mode = mode;","  }","","  FS.exists(this._pinPath(), function(exists) {","    if (exists) {","      this._openPin();","    } else {","      this._createGPIOPin();","    }","  }.bind(this));","};","","DigitalPin.prototype.close = function() {","  FS.writeFile(this._unexportPath(), this.pinNum, function(err) {","    this._closeCallback(err);","  }.bind(this));","};","","DigitalPin.prototype.closeSync = function() {","  FS.writeFileSync(this._unexportPath(), this.pinNum);","  this._closeCallback(false);","};","","DigitalPin.prototype.digitalWrite = function(value) {","  if (this.mode !== \"w\") {","    this._setMode(\"w\");","  }","","  this.status = value === 1 ? \"high\" : \"low\";","","  FS.writeFile(this._valuePath(), value, function(err) {","    if (err) {","      var str = \"Error occurred while writing value \";","      str += value + \" to pin \" + this.pinNum;","","      this.emit(\"error\", str);","    } else {","      this.emit(\"digitalWrite\", value);","    }","  }.bind(this));","","  return value;","};","","// Public: Reads the digial pin\"s value periodicly on a supplied interval,","// and emits the result or an error","//","// interval - time (in milliseconds) to read from the pin at","//","// Returns the defined interval","DigitalPin.prototype.digitalRead = function(interval) {","  if (this.mode !== \"r\") { this._setMode(\"r\"); }","","  Utils.every(interval, function() {","    FS.readFile(this._valuePath(), function(err, data) {","      if (err) {","        var error = \"Error occurred while reading from pin \" + this.pinNum;","        this.emit(\"error\", error);","      } else {","        var readData = parseInt(data.toString(), 10);","        this.emit(\"digitalRead\", readData);","      }","    }.bind(this));","  }.bind(this));","};","","DigitalPin.prototype.setHigh = function() {","  return this.digitalWrite(1);","};","","DigitalPin.prototype.setLow = function() {","  return this.digitalWrite(0);","};","","DigitalPin.prototype.toggle = function() {","  return (this.status === \"low\") ? this.setHigh() : this.setLow();","};","","// Creates the GPIO file to read/write from","DigitalPin.prototype._createGPIOPin = function() {","  FS.writeFile(this._exportPath(), this.pinNum, function(err) {","    if (err) {","      this.emit(\"error\", \"Error while creating pin files\");","    } else {","      this._openPin();","    }","  }.bind(this));","};","","DigitalPin.prototype._openPin = function() {","  this._setMode(this.mode, true);","  this.emit(\"open\");","};","","DigitalPin.prototype._closeCallback = function(err) {","  if (err) {","    this.emit(\"error\", \"Error while closing pin files\");","  } else {","    this.emit(\"close\", this.pinNum);","  }","};","","// Sets the mode for the pin by writing the values to the pin reference files","DigitalPin.prototype._setMode = function(mode, emitConnect) {","  if (emitConnect == null) { emitConnect = false; }","","  this.mode = mode;","","  var data = (mode === \"w\") ? GPIO_WRITE : GPIO_READ;","","  FS.writeFile(this._directionPath(), data, function(err) {","    this._setModeCallback(err, emitConnect);","  }.bind(this));","};","","DigitalPin.prototype._setModeCallback = function(err, emitConnect) {","  if (err) {","    return this.emit(\"error\", \"Setting up pin direction failed\");","  }","","  this.ready = true;","","  if (emitConnect) {","    this.emit(\"connect\", this.mode);","  }","};","","DigitalPin.prototype._directionPath = function() {","  return this._pinPath() + \"/direction\";","};","","DigitalPin.prototype._valuePath = function() {","  return this._pinPath() + \"/value\";","};","","DigitalPin.prototype._pinPath = function() {","  return GPIO_PATH + \"/gpio\" + this.pinNum;","};","","DigitalPin.prototype._exportPath = function() {","  return GPIO_PATH + \"/export\";","};","","DigitalPin.prototype._unexportPath = function() {","  return GPIO_PATH + \"/unexport\";","};",""],"l":{"5":1,"8":1,"10":1,"12":1,"13":1,"24":1,"25":0,"26":0,"27":0,"28":0,"31":1,"33":1,"34":0,"35":0,"38":0,"39":0,"40":0,"42":0,"47":1,"48":0,"49":0,"53":1,"54":0,"55":0,"58":1,"59":0,"60":0,"63":0,"65":0,"66":0,"67":0,"68":0,"70":0,"72":0,"76":0,"85":1,"86":0,"88":0,"89":0,"90":0,"91":0,"92":0,"94":0,"95":0,"101":1,"102":0,"105":1,"106":0,"109":1,"110":0,"114":1,"115":0,"116":0,"117":0,"119":0,"124":1,"125":0,"126":0,"129":1,"130":0,"131":0,"133":0,"138":1,"139":0,"141":0,"143":0,"145":0,"146":0,"150":1,"151":0,"152":0,"155":0,"157":0,"158":0,"162":1,"163":0,"166":1,"167":0,"170":1,"171":0,"174":1,"175":0,"178":1,"179":0}},"/home/travis/build/npmtest/node-npmtest-cylon/node_modules/cylon/lib/io/utils.js":{"path":"/home/travis/build/npmtest/node-npmtest-cylon/node_modules/cylon/lib/io/utils.js","s":{"1":1,"2":0,"3":0,"4":0,"5":0,"6":0,"7":0,"8":0,"9":0,"10":0,"11":0,"12":0},"b":{"1":[0,0],"2":[0,0],"3":[0,0]},"f":{"1":0},"fnMap":{"1":{"name":"(anonymous_1)","line":13,"loc":{"start":{"line":13,"column":17},"end":{"line":13,"column":66}}}},"statementMap":{"1":{"start":{"line":3,"column":0},"end":{"line":35,"column":2}},"2":{"start":{"line":14,"column":4},"end":{"line":14,"column":30}},"3":{"start":{"line":16,"column":4},"end":{"line":16,"column":34}},"4":{"start":{"line":17,"column":4},"end":{"line":17,"column":38}},"5":{"start":{"line":19,"column":4},"end":{"line":27,"column":5}},"6":{"start":{"line":20,"column":6},"end":{"line":21,"column":48}},"7":{"start":{"line":23,"column":6},"end":{"line":23,"column":46}},"8":{"start":{"line":24,"column":6},"end":{"line":24,"column":64}},"9":{"start":{"line":26,"column":6},"end":{"line":26,"column":45}},"10":{"start":{"line":29,"column":4},"end":{"line":31,"column":5}},"11":{"start":{"line":30,"column":6},"end":{"line":30,"column":27}},"12":{"start":{"line":33,"column":4},"end":{"line":33,"column":42}}},"branchMap":{"1":{"line":16,"type":"binary-expr","locations":[{"start":{"line":16,"column":15},"end":{"line":16,"column":23}},{"start":{"line":16,"column":27},"end":{"line":16,"column":33}}]},"2":{"line":19,"type":"if","locations":[{"start":{"line":19,"column":4},"end":{"line":19,"column":4}},{"start":{"line":19,"column":4},"end":{"line":19,"column":4}}]},"3":{"line":29,"type":"if","locations":[{"start":{"line":29,"column":4},"end":{"line":29,"column":4}},{"start":{"line":29,"column":4},"end":{"line":29,"column":4}}]}},"code":["\"use strict\";","","module.exports = {","  /**","   * Calculates PWM Period and Duty based on provided params.","   *","   * @param {Number} scaledDuty the scaled duty value","   * @param {Number} freq frequency to use","   * @param {Number} pulseWidth pulse width","   * @param {String} [polarity=high] polarity value (high or low)","   * @return {Object} calculated period and duty encapsulated in an object","   */","  periodAndDuty: function(scaledDuty, freq, pulseWidth, polarity) {","    var period, duty, maxDuty;","","    polarity = polarity || \"high\";","    period = Math.round(1.0e9 / freq);","","    if (pulseWidth != null) {","      var pulseWidthMin = pulseWidth.min * 1000,","          pulseWidthMax = pulseWidth.max * 1000;","","      maxDuty = pulseWidthMax - pulseWidthMin;","      duty = Math.round(pulseWidthMin + (maxDuty * scaledDuty));","    } else {","      duty = Math.round(period * scaledDuty);","    }","","    if (polarity === \"low\") {","      duty = period - duty;","    }","","    return { period: period, duty: duty };","  }","};",""],"l":{"3":1,"14":0,"16":0,"17":0,"19":0,"20":0,"23":0,"24":0,"26":0,"29":0,"30":0,"33":0}},"/home/travis/build/npmtest/node-npmtest-cylon/node_modules/cylon/lib/api.js":{"path":"/home/travis/build/npmtest/node-npmtest-cylon/node_modules/cylon/lib/api.js","s":{"1":1,"2":1,"3":1,"4":1,"5":0,"6":0,"7":0,"8":0,"9":0,"10":0,"11":0,"12":0,"13":0,"14":0,"15":0,"16":0,"17":0,"18":0,"19":0,"20":0},"b":{"1":[0,0],"2":[0,0,0],"3":[0,0],"4":[0,0],"5":[0,0]},"f":{"1":0},"fnMap":{"1":{"name":"create","line":19,"loc":{"start":{"line":19,"column":13},"end":{"line":19,"column":43}}}},"statementMap":{"1":{"start":{"line":3,"column":0},"end":{"line":5,"column":35}},"2":{"start":{"line":7,"column":0},"end":{"line":7,"column":30}},"3":{"start":{"line":9,"column":0},"end":{"line":9,"column":19}},"4":{"start":{"line":19,"column":0},"end":{"line":52,"column":2}},"5":{"start":{"line":21,"column":2},"end":{"line":24,"column":3}},"6":{"start":{"line":22,"column":4},"end":{"line":22,"column":18}},"7":{"start":{"line":23,"column":4},"end":{"line":23,"column":20}},"8":{"start":{"line":26,"column":2},"end":{"line":26,"column":20}},"9":{"start":{"line":28,"column":2},"end":{"line":45,"column":3}},"10":{"start":{"line":29,"column":4},"end":{"line":29,"column":36}},"11":{"start":{"line":31,"column":4},"end":{"line":44,"column":5}},"12":{"start":{"line":32,"column":6},"end":{"line":32,"column":28}},"13":{"start":{"line":34,"column":6},"end":{"line":36,"column":7}},"14":{"start":{"line":35,"column":8},"end":{"line":35,"column":16}},"15":{"start":{"line":38,"column":6},"end":{"line":41,"column":28}},"16":{"start":{"line":43,"column":6},"end":{"line":43,"column":61}},"17":{"start":{"line":47,"column":2},"end":{"line":47,"column":17}},"18":{"start":{"line":49,"column":2},"end":{"line":49,"column":34}},"19":{"start":{"line":50,"column":2},"end":{"line":50,"column":31}},"20":{"start":{"line":51,"column":2},"end":{"line":51,"column":19}}},"branchMap":{"1":{"line":21,"type":"if","locations":[{"start":{"line":21,"column":2},"end":{"line":21,"column":2}},{"start":{"line":21,"column":2},"end":{"line":21,"column":2}}]},"2":{"line":21,"type":"binary-expr","locations":[{"start":{"line":21,"column":6},"end":{"line":21,"column":20}},{"start":{"line":21,"column":24},"end":{"line":21,"column":42}},{"start":{"line":21,"column":46},"end":{"line":21,"column":67}}]},"3":{"line":26,"type":"binary-expr","locations":[{"start":{"line":26,"column":9},"end":{"line":26,"column":13}},{"start":{"line":26,"column":17},"end":{"line":26,"column":19}}]},"4":{"line":28,"type":"if","locations":[{"start":{"line":28,"column":2},"end":{"line":28,"column":2}},{"start":{"line":28,"column":2},"end":{"line":28,"column":2}}]},"5":{"line":34,"type":"if","locations":[{"start":{"line":34,"column":6},"end":{"line":34,"column":6}},{"start":{"line":34,"column":6},"end":{"line":34,"column":6}}]}},"code":["\"use strict\";","","var MCP = require(\"./mcp\"),","    Logger = require(\"./logger\"),","    _ = require(\"./utils/helpers\");","","var api = module.exports = {};","","api.instances = [];","","/**"," * Creates a new API instance"," *"," * @param {String} [Server] which API plugin to use (e.g. \"http\" loads"," * cylon-api-http)"," * @param {Object} opts options for the new API instance"," * @return {void}"," */","api.create = function create(Server, opts) {","  // if only passed options (or nothing), assume HTTP server","  if (Server == null || _.isObject(Server) && !_.isFunction(Server)) {","    opts = Server;","    Server = \"http\";","  }","","  opts = opts || {};","","  if (_.isString(Server)) {","    var req = \"cylon-api-\" + Server;","","    try {","      Server = require(req);","    } catch (e) {","      if (e.code !== \"MODULE_NOT_FOUND\") {","        throw e;","      }","","      [","        \"Cannot find the \" + req + \" API module.\",","        \"You may be able to install it: `npm install \" + req + \"`\"","      ].forEach(Logger.log);","","      throw new Error(\"Missing API plugin - cannot proceed\");","    }","  }","","  opts.mcp = MCP;","","  var instance = new Server(opts);","  api.instances.push(instance);","  instance.start();","};",""],"l":{"3":1,"7":1,"9":1,"19":1,"21":0,"22":0,"23":0,"26":0,"28":0,"29":0,"31":0,"32":0,"34":0,"35":0,"38":0,"43":0,"47":0,"49":0,"50":0,"51":0}}}